{"/Users/lothbrok/Documents/Documents - MacBook Pro de Lakhdar/BootCode/systeme_de_vote/src/adapters/_test_/tools/db.ts": {"path":"/Users/lothbrok/Documents/Documents - MacBook Pro de Lakhdar/BootCode/systeme_de_vote/src/adapters/_test_/tools/db.ts","statementMap":{"0":{"start":{"line":1,"column":0},"end":{"line":1,"column":24}},"1":{"start":{"line":3,"column":13},"end":{"line":13,"column":3}},"2":{"start":{"line":16,"column":0},"end":{"line":16,"column":32}}},"fnMap":{},"branchMap":{},"s":{"0":3,"1":3,"2":3},"f":{},"b":{}}
,"/Users/lothbrok/Documents/Documents - MacBook Pro de Lakhdar/BootCode/systeme_de_vote/src/adapters/repositories/SQL/SqlTopicRepository.ts": {"path":"/Users/lothbrok/Documents/Documents - MacBook Pro de Lakhdar/BootCode/systeme_de_vote/src/adapters/repositories/SQL/SqlTopicRepository.ts","statementMap":{"0":{"start":{"line":8,"column":21},"end":{"line":8,"column":32}},"1":{"start":{"line":9,"column":21},"end":{"line":9,"column":49}},"2":{"start":{"line":13,"column":23},"end":{"line":13,"column":58}},"3":{"start":{"line":14,"column":15},"end":{"line":14,"column":45}},"4":{"start":{"line":15,"column":4},"end":{"line":40,"column":5}},"5":{"start":{"line":16,"column":6},"end":{"line":26,"column":8}},"6":{"start":{"line":27,"column":20},"end":{"line":32,"column":18}},"7":{"start":{"line":30,"column":12},"end":{"line":30,"column":129}},"8":{"start":{"line":33,"column":6},"end":{"line":36,"column":8}},"9":{"start":{"line":37,"column":6},"end":{"line":37,"column":24}},"10":{"start":{"line":39,"column":6},"end":{"line":39,"column":26}},"11":{"start":{"line":42,"column":4},"end":{"line":42,"column":11}},"12":{"start":{"line":46,"column":23},"end":{"line":67,"column":null}},"13":{"start":{"line":70,"column":18},"end":{"line":70,"column":62}},"14":{"start":{"line":72,"column":4},"end":{"line":72,"column":17}},"15":{"start":{"line":76,"column":23},"end":{"line":82,"column":null}},"16":{"start":{"line":85,"column":18},"end":{"line":85,"column":62}},"17":{"start":{"line":87,"column":4},"end":{"line":87,"column":17}},"18":{"start":{"line":91,"column":4},"end":{"line":98,"column":6}},"19":{"start":{"line":100,"column":4},"end":{"line":100,"column":11}},"20":{"start":{"line":6,"column":0},"end":{"line":6,"column":13}}},"fnMap":{"0":{"name":"(anonymous_7)","decl":{"start":{"line":7,"column":2},"end":{"line":7,"column":null}},"loc":{"start":{"line":9,"column":49},"end":{"line":10,"column":6}}},"1":{"name":"(anonymous_8)","decl":{"start":{"line":12,"column":8},"end":{"line":12,"column":12}},"loc":{"start":{"line":12,"column":25},"end":{"line":43,"column":null}}},"2":{"name":"(anonymous_10)","decl":{"start":{"line":29,"column":10},"end":{"line":29,"column":11}},"loc":{"start":{"line":30,"column":12},"end":{"line":30,"column":129}}},"3":{"name":"(anonymous_11)","decl":{"start":{"line":45,"column":8},"end":{"line":45,"column":15}},"loc":{"start":{"line":45,"column":26},"end":{"line":73,"column":null}}},"4":{"name":"(anonymous_13)","decl":{"start":{"line":75,"column":8},"end":{"line":75,"column":18}},"loc":{"start":{"line":75,"column":32},"end":{"line":88,"column":null}}},"5":{"name":"(anonymous_15)","decl":{"start":{"line":90,"column":8},"end":{"line":90,"column":14}},"loc":{"start":{"line":90,"column":25},"end":{"line":101,"column":null}}}},"branchMap":{},"s":{"0":1,"1":1,"2":3,"3":3,"4":3,"5":3,"6":1,"7":1,"8":1,"9":0,"10":3,"11":3,"12":1,"13":1,"14":1,"15":1,"16":1,"17":1,"18":1,"19":1,"20":1},"f":{"0":1,"1":3,"2":1,"3":1,"4":1,"5":1},"b":{}}
,"/Users/lothbrok/Documents/Documents - MacBook Pro de Lakhdar/BootCode/systeme_de_vote/src/adapters/repositories/SQL/SqlUserRepository.ts": {"path":"/Users/lothbrok/Documents/Documents - MacBook Pro de Lakhdar/BootCode/systeme_de_vote/src/adapters/repositories/SQL/SqlUserRepository.ts","statementMap":{"0":{"start":{"line":8,"column":21},"end":{"line":8,"column":32}},"1":{"start":{"line":9,"column":21},"end":{"line":9,"column":47}},"2":{"start":{"line":13,"column":22},"end":{"line":13,"column":55}},"3":{"start":{"line":14,"column":4},"end":{"line":25,"column":6}},"4":{"start":{"line":27,"column":4},"end":{"line":27,"column":11}},"5":{"start":{"line":31,"column":22},"end":{"line":37,"column":null}},"6":{"start":{"line":40,"column":17},"end":{"line":40,"column":59}},"7":{"start":{"line":42,"column":4},"end":{"line":42,"column":16}},"8":{"start":{"line":46,"column":22},"end":{"line":52,"column":null}},"9":{"start":{"line":55,"column":17},"end":{"line":55,"column":59}},"10":{"start":{"line":57,"column":4},"end":{"line":57,"column":16}},"11":{"start":{"line":61,"column":4},"end":{"line":68,"column":6}},"12":{"start":{"line":70,"column":4},"end":{"line":70,"column":11}},"13":{"start":{"line":6,"column":0},"end":{"line":6,"column":13}}},"fnMap":{"0":{"name":"(anonymous_7)","decl":{"start":{"line":7,"column":2},"end":{"line":7,"column":null}},"loc":{"start":{"line":9,"column":47},"end":{"line":10,"column":6}}},"1":{"name":"(anonymous_8)","decl":{"start":{"line":12,"column":8},"end":{"line":12,"column":12}},"loc":{"start":{"line":12,"column":23},"end":{"line":28,"column":null}}},"2":{"name":"(anonymous_10)","decl":{"start":{"line":30,"column":8},"end":{"line":30,"column":15}},"loc":{"start":{"line":30,"column":26},"end":{"line":43,"column":null}}},"3":{"name":"(anonymous_12)","decl":{"start":{"line":45,"column":8},"end":{"line":45,"column":18}},"loc":{"start":{"line":45,"column":32},"end":{"line":58,"column":null}}},"4":{"name":"(anonymous_14)","decl":{"start":{"line":60,"column":8},"end":{"line":60,"column":14}},"loc":{"start":{"line":60,"column":25},"end":{"line":71,"column":null}}}},"branchMap":{},"s":{"0":1,"1":1,"2":3,"3":3,"4":3,"5":1,"6":1,"7":1,"8":1,"9":1,"10":1,"11":1,"12":1,"13":1},"f":{"0":1,"1":3,"2":1,"3":1,"4":1},"b":{}}
,"/Users/lothbrok/Documents/Documents - MacBook Pro de Lakhdar/BootCode/systeme_de_vote/src/adapters/repositories/SQL/SqlVoteRepository.ts": {"path":"/Users/lothbrok/Documents/Documents - MacBook Pro de Lakhdar/BootCode/systeme_de_vote/src/adapters/repositories/SQL/SqlVoteRepository.ts","statementMap":{"0":{"start":{"line":8,"column":21},"end":{"line":8,"column":32}},"1":{"start":{"line":9,"column":21},"end":{"line":9,"column":47}},"2":{"start":{"line":13,"column":22},"end":{"line":13,"column":55}},"3":{"start":{"line":14,"column":4},"end":{"line":25,"column":6}},"4":{"start":{"line":27,"column":4},"end":{"line":27,"column":11}},"5":{"start":{"line":31,"column":22},"end":{"line":37,"column":null}},"6":{"start":{"line":40,"column":17},"end":{"line":40,"column":59}},"7":{"start":{"line":42,"column":4},"end":{"line":42,"column":16}},"8":{"start":{"line":46,"column":22},"end":{"line":52,"column":null}},"9":{"start":{"line":55,"column":17},"end":{"line":55,"column":59}},"10":{"start":{"line":57,"column":4},"end":{"line":57,"column":16}},"11":{"start":{"line":61,"column":4},"end":{"line":68,"column":6}},"12":{"start":{"line":70,"column":4},"end":{"line":70,"column":11}},"13":{"start":{"line":6,"column":0},"end":{"line":6,"column":13}}},"fnMap":{"0":{"name":"(anonymous_7)","decl":{"start":{"line":7,"column":2},"end":{"line":7,"column":null}},"loc":{"start":{"line":9,"column":47},"end":{"line":10,"column":6}}},"1":{"name":"(anonymous_8)","decl":{"start":{"line":12,"column":8},"end":{"line":12,"column":12}},"loc":{"start":{"line":12,"column":23},"end":{"line":28,"column":null}}},"2":{"name":"(anonymous_10)","decl":{"start":{"line":30,"column":8},"end":{"line":30,"column":15}},"loc":{"start":{"line":30,"column":26},"end":{"line":43,"column":null}}},"3":{"name":"(anonymous_12)","decl":{"start":{"line":45,"column":8},"end":{"line":45,"column":19}},"loc":{"start":{"line":45,"column":34},"end":{"line":58,"column":null}}},"4":{"name":"(anonymous_14)","decl":{"start":{"line":60,"column":8},"end":{"line":60,"column":14}},"loc":{"start":{"line":60,"column":25},"end":{"line":71,"column":null}}}},"branchMap":{},"s":{"0":1,"1":1,"2":3,"3":3,"4":3,"5":1,"6":1,"7":1,"8":1,"9":1,"10":1,"11":1,"12":1,"13":1},"f":{"0":1,"1":3,"2":1,"3":1,"4":1},"b":{}}
,"/Users/lothbrok/Documents/Documents - MacBook Pro de Lakhdar/BootCode/systeme_de_vote/src/adapters/repositories/mappers/SqlTopicMapper.ts": {"path":"/Users/lothbrok/Documents/Documents - MacBook Pro de Lakhdar/BootCode/systeme_de_vote/src/adapters/repositories/mappers/SqlTopicMapper.ts","statementMap":{"0":{"start":{"line":1,"column":0},"end":{"line":1,"column":53}},"1":{"start":{"line":7,"column":18},"end":{"line":14,"column":6}},"2":{"start":{"line":15,"column":4},"end":{"line":15,"column":17}},"3":{"start":{"line":19,"column":35},"end":{"line":26,"column":6}},"4":{"start":{"line":27,"column":4},"end":{"line":27,"column":22}},"5":{"start":{"line":5,"column":0},"end":{"line":5,"column":13}}},"fnMap":{"0":{"name":"(anonymous_0)","decl":{"start":{"line":6,"column":2},"end":{"line":6,"column":10}},"loc":{"start":{"line":6,"column":26},"end":{"line":16,"column":3}}},"1":{"name":"(anonymous_1)","decl":{"start":{"line":18,"column":2},"end":{"line":18,"column":12}},"loc":{"start":{"line":18,"column":24},"end":{"line":28,"column":3}}}},"branchMap":{},"s":{"0":1,"1":2,"2":2,"3":3,"4":3,"5":1},"f":{"0":2,"1":3},"b":{}}
,"/Users/lothbrok/Documents/Documents - MacBook Pro de Lakhdar/BootCode/systeme_de_vote/src/adapters/repositories/mappers/SqlUserMapper.ts": {"path":"/Users/lothbrok/Documents/Documents - MacBook Pro de Lakhdar/BootCode/systeme_de_vote/src/adapters/repositories/mappers/SqlUserMapper.ts","statementMap":{"0":{"start":{"line":1,"column":0},"end":{"line":1,"column":51}},"1":{"start":{"line":7,"column":17},"end":{"line":14,"column":6}},"2":{"start":{"line":15,"column":4},"end":{"line":15,"column":16}},"3":{"start":{"line":19,"column":33},"end":{"line":26,"column":6}},"4":{"start":{"line":27,"column":4},"end":{"line":27,"column":21}},"5":{"start":{"line":5,"column":0},"end":{"line":5,"column":13}}},"fnMap":{"0":{"name":"(anonymous_0)","decl":{"start":{"line":6,"column":2},"end":{"line":6,"column":10}},"loc":{"start":{"line":6,"column":25},"end":{"line":16,"column":3}}},"1":{"name":"(anonymous_1)","decl":{"start":{"line":18,"column":2},"end":{"line":18,"column":12}},"loc":{"start":{"line":18,"column":23},"end":{"line":28,"column":3}}}},"branchMap":{},"s":{"0":1,"1":2,"2":2,"3":3,"4":3,"5":1},"f":{"0":2,"1":3},"b":{}}
,"/Users/lothbrok/Documents/Documents - MacBook Pro de Lakhdar/BootCode/systeme_de_vote/src/adapters/repositories/mappers/SqlVoteMapper.ts": {"path":"/Users/lothbrok/Documents/Documents - MacBook Pro de Lakhdar/BootCode/systeme_de_vote/src/adapters/repositories/mappers/SqlVoteMapper.ts","statementMap":{"0":{"start":{"line":1,"column":0},"end":{"line":1,"column":51}},"1":{"start":{"line":7,"column":17},"end":{"line":13,"column":6}},"2":{"start":{"line":14,"column":4},"end":{"line":14,"column":16}},"3":{"start":{"line":18,"column":33},"end":{"line":24,"column":6}},"4":{"start":{"line":25,"column":4},"end":{"line":25,"column":21}},"5":{"start":{"line":5,"column":0},"end":{"line":5,"column":13}}},"fnMap":{"0":{"name":"(anonymous_0)","decl":{"start":{"line":6,"column":2},"end":{"line":6,"column":10}},"loc":{"start":{"line":6,"column":25},"end":{"line":15,"column":3}}},"1":{"name":"(anonymous_1)","decl":{"start":{"line":17,"column":2},"end":{"line":17,"column":12}},"loc":{"start":{"line":17,"column":23},"end":{"line":26,"column":3}}}},"branchMap":{},"s":{"0":1,"1":2,"2":2,"3":3,"4":3,"5":1},"f":{"0":2,"1":3},"b":{}}
,"/Users/lothbrok/Documents/Documents - MacBook Pro de Lakhdar/BootCode/systeme_de_vote/src/core/adapters/gateways/MockPasswordGateway.ts": {"path":"/Users/lothbrok/Documents/Documents - MacBook Pro de Lakhdar/BootCode/systeme_de_vote/src/core/adapters/gateways/MockPasswordGateway.ts","statementMap":{"0":{"start":{"line":5,"column":4},"end":{"line":5,"column":20}},"1":{"start":{"line":9,"column":4},"end":{"line":9,"column":39}},"2":{"start":{"line":3,"column":0},"end":{"line":3,"column":13}}},"fnMap":{"0":{"name":"(anonymous_0)","decl":{"start":{"line":4,"column":2},"end":{"line":4,"column":14}},"loc":{"start":{"line":4,"column":31},"end":{"line":6,"column":3}}},"1":{"name":"(anonymous_1)","decl":{"start":{"line":8,"column":2},"end":{"line":8,"column":9}},"loc":{"start":{"line":8,"column":50},"end":{"line":10,"column":3}}}},"branchMap":{},"s":{"0":1,"1":2,"2":2},"f":{"0":1,"1":2},"b":{}}
,"/Users/lothbrok/Documents/Documents - MacBook Pro de Lakhdar/BootCode/systeme_de_vote/src/core/adapters/repositories/InMemoryTopicRepositories.ts": {"path":"/Users/lothbrok/Documents/Documents - MacBook Pro de Lakhdar/BootCode/systeme_de_vote/src/core/adapters/repositories/InMemoryTopicRepositories.ts","statementMap":{"0":{"start":{"line":8,"column":4},"end":{"line":8,"column":19}},"1":{"start":{"line":11,"column":4},"end":{"line":11,"column":40}},"2":{"start":{"line":12,"column":4},"end":{"line":12,"column":11}},"3":{"start":{"line":16,"column":18},"end":{"line":16,"column":34}},"4":{"start":{"line":17,"column":4},"end":{"line":19,"column":5}},"5":{"start":{"line":18,"column":6},"end":{"line":18,"column":18}},"6":{"start":{"line":20,"column":4},"end":{"line":20,"column":17}},"7":{"start":{"line":24,"column":16},"end":{"line":24,"column":45}},"8":{"start":{"line":25,"column":18},"end":{"line":25,"column":62}},"9":{"start":{"line":25,"column":36},"end":{"line":25,"column":61}},"10":{"start":{"line":26,"column":4},"end":{"line":28,"column":5}},"11":{"start":{"line":27,"column":6},"end":{"line":27,"column":18}},"12":{"start":{"line":29,"column":4},"end":{"line":29,"column":17}},"13":{"start":{"line":33,"column":4},"end":{"line":33,"column":24}},"14":{"start":{"line":34,"column":4},"end":{"line":34,"column":11}},"15":{"start":{"line":4,"column":0},"end":{"line":4,"column":13}}},"fnMap":{"0":{"name":"(anonymous_7)","decl":{"start":{"line":7,"column":2},"end":{"line":7,"column":14}},"loc":{"start":{"line":7,"column":37},"end":{"line":9,"column":3}}},"1":{"name":"(anonymous_8)","decl":{"start":{"line":10,"column":8},"end":{"line":10,"column":12}},"loc":{"start":{"line":10,"column":25},"end":{"line":13,"column":null}}},"2":{"name":"(anonymous_10)","decl":{"start":{"line":15,"column":8},"end":{"line":15,"column":15}},"loc":{"start":{"line":15,"column":26},"end":{"line":21,"column":null}}},"3":{"name":"(anonymous_12)","decl":{"start":{"line":23,"column":8},"end":{"line":23,"column":18}},"loc":{"start":{"line":23,"column":32},"end":{"line":30,"column":null}}},"4":{"name":"(anonymous_14)","decl":{"start":{"line":25,"column":27},"end":{"line":25,"column":28}},"loc":{"start":{"line":25,"column":36},"end":{"line":25,"column":61}}},"5":{"name":"(anonymous_15)","decl":{"start":{"line":32,"column":8},"end":{"line":32,"column":14}},"loc":{"start":{"line":32,"column":25},"end":{"line":35,"column":null}}}},"branchMap":{"0":{"loc":{"start":{"line":17,"column":4},"end":{"line":19,"column":5}},"type":"if","locations":[{"start":{"line":17,"column":4},"end":{"line":19,"column":5}}]},"1":{"loc":{"start":{"line":26,"column":4},"end":{"line":28,"column":5}},"type":"if","locations":[{"start":{"line":26,"column":4},"end":{"line":28,"column":5}}]}},"s":{"0":5,"1":1,"2":1,"3":6,"4":6,"5":3,"6":3,"7":2,"8":2,"9":2,"10":2,"11":1,"12":1,"13":1,"14":1,"15":5},"f":{"0":5,"1":1,"2":6,"3":2,"4":2,"5":1},"b":{"0":[3],"1":[1]}}
,"/Users/lothbrok/Documents/Documents - MacBook Pro de Lakhdar/BootCode/systeme_de_vote/src/core/adapters/repositories/InMemoryUserRepositories.ts": {"path":"/Users/lothbrok/Documents/Documents - MacBook Pro de Lakhdar/BootCode/systeme_de_vote/src/core/adapters/repositories/InMemoryUserRepositories.ts","statementMap":{"0":{"start":{"line":8,"column":4},"end":{"line":8,"column":19}},"1":{"start":{"line":12,"column":4},"end":{"line":12,"column":38}},"2":{"start":{"line":13,"column":4},"end":{"line":13,"column":11}},"3":{"start":{"line":17,"column":17},"end":{"line":17,"column":33}},"4":{"start":{"line":18,"column":4},"end":{"line":20,"column":5}},"5":{"start":{"line":19,"column":6},"end":{"line":19,"column":18}},"6":{"start":{"line":21,"column":4},"end":{"line":21,"column":16}},"7":{"start":{"line":25,"column":16},"end":{"line":25,"column":45}},"8":{"start":{"line":26,"column":17},"end":{"line":26,"column":61}},"9":{"start":{"line":26,"column":35},"end":{"line":26,"column":60}},"10":{"start":{"line":27,"column":4},"end":{"line":29,"column":5}},"11":{"start":{"line":28,"column":6},"end":{"line":28,"column":18}},"12":{"start":{"line":30,"column":4},"end":{"line":30,"column":16}},"13":{"start":{"line":34,"column":4},"end":{"line":34,"column":24}},"14":{"start":{"line":35,"column":4},"end":{"line":35,"column":11}},"15":{"start":{"line":4,"column":0},"end":{"line":4,"column":13}}},"fnMap":{"0":{"name":"(anonymous_7)","decl":{"start":{"line":7,"column":2},"end":{"line":7,"column":14}},"loc":{"start":{"line":7,"column":36},"end":{"line":9,"column":3}}},"1":{"name":"(anonymous_8)","decl":{"start":{"line":11,"column":8},"end":{"line":11,"column":12}},"loc":{"start":{"line":11,"column":23},"end":{"line":14,"column":null}}},"2":{"name":"(anonymous_10)","decl":{"start":{"line":16,"column":8},"end":{"line":16,"column":15}},"loc":{"start":{"line":16,"column":26},"end":{"line":22,"column":null}}},"3":{"name":"(anonymous_12)","decl":{"start":{"line":24,"column":8},"end":{"line":24,"column":18}},"loc":{"start":{"line":24,"column":32},"end":{"line":31,"column":null}}},"4":{"name":"(anonymous_14)","decl":{"start":{"line":26,"column":26},"end":{"line":26,"column":27}},"loc":{"start":{"line":26,"column":35},"end":{"line":26,"column":60}}},"5":{"name":"(anonymous_15)","decl":{"start":{"line":33,"column":8},"end":{"line":33,"column":14}},"loc":{"start":{"line":33,"column":25},"end":{"line":36,"column":null}}}},"branchMap":{"0":{"loc":{"start":{"line":18,"column":4},"end":{"line":20,"column":5}},"type":"if","locations":[{"start":{"line":18,"column":4},"end":{"line":20,"column":5}}]},"1":{"loc":{"start":{"line":27,"column":4},"end":{"line":29,"column":5}},"type":"if","locations":[{"start":{"line":27,"column":4},"end":{"line":29,"column":5}}]}},"s":{"0":7,"1":1,"2":1,"3":9,"4":9,"5":4,"6":5,"7":8,"8":8,"9":6,"10":8,"11":4,"12":4,"13":1,"14":1,"15":7},"f":{"0":7,"1":1,"2":9,"3":8,"4":6,"5":1},"b":{"0":[4],"1":[4]}}
,"/Users/lothbrok/Documents/Documents - MacBook Pro de Lakhdar/BootCode/systeme_de_vote/src/core/adapters/repositories/InMemoryVoteRepositories.ts": {"path":"/Users/lothbrok/Documents/Documents - MacBook Pro de Lakhdar/BootCode/systeme_de_vote/src/core/adapters/repositories/InMemoryVoteRepositories.ts","statementMap":{"0":{"start":{"line":8,"column":4},"end":{"line":8,"column":19}},"1":{"start":{"line":11,"column":4},"end":{"line":11,"column":38}},"2":{"start":{"line":12,"column":4},"end":{"line":12,"column":11}},"3":{"start":{"line":16,"column":17},"end":{"line":16,"column":33}},"4":{"start":{"line":17,"column":4},"end":{"line":19,"column":5}},"5":{"start":{"line":18,"column":6},"end":{"line":18,"column":18}},"6":{"start":{"line":20,"column":4},"end":{"line":20,"column":16}},"7":{"start":{"line":24,"column":16},"end":{"line":24,"column":45}},"8":{"start":{"line":25,"column":17},"end":{"line":25,"column":63}},"9":{"start":{"line":25,"column":35},"end":{"line":25,"column":62}},"10":{"start":{"line":26,"column":4},"end":{"line":28,"column":5}},"11":{"start":{"line":27,"column":6},"end":{"line":27,"column":18}},"12":{"start":{"line":29,"column":4},"end":{"line":29,"column":16}},"13":{"start":{"line":33,"column":4},"end":{"line":33,"column":24}},"14":{"start":{"line":34,"column":4},"end":{"line":34,"column":11}},"15":{"start":{"line":4,"column":0},"end":{"line":4,"column":13}}},"fnMap":{"0":{"name":"(anonymous_7)","decl":{"start":{"line":7,"column":2},"end":{"line":7,"column":14}},"loc":{"start":{"line":7,"column":36},"end":{"line":9,"column":3}}},"1":{"name":"(anonymous_8)","decl":{"start":{"line":10,"column":8},"end":{"line":10,"column":12}},"loc":{"start":{"line":10,"column":23},"end":{"line":13,"column":null}}},"2":{"name":"(anonymous_10)","decl":{"start":{"line":15,"column":8},"end":{"line":15,"column":15}},"loc":{"start":{"line":15,"column":26},"end":{"line":21,"column":null}}},"3":{"name":"(anonymous_12)","decl":{"start":{"line":23,"column":8},"end":{"line":23,"column":19}},"loc":{"start":{"line":23,"column":34},"end":{"line":30,"column":null}}},"4":{"name":"(anonymous_14)","decl":{"start":{"line":25,"column":26},"end":{"line":25,"column":27}},"loc":{"start":{"line":25,"column":35},"end":{"line":25,"column":62}}},"5":{"name":"(anonymous_15)","decl":{"start":{"line":32,"column":8},"end":{"line":32,"column":14}},"loc":{"start":{"line":32,"column":25},"end":{"line":35,"column":null}}}},"branchMap":{"0":{"loc":{"start":{"line":17,"column":4},"end":{"line":19,"column":5}},"type":"if","locations":[{"start":{"line":17,"column":4},"end":{"line":19,"column":5}}]},"1":{"loc":{"start":{"line":26,"column":4},"end":{"line":28,"column":5}},"type":"if","locations":[{"start":{"line":26,"column":4},"end":{"line":28,"column":5}}]}},"s":{"0":5,"1":1,"2":1,"3":6,"4":6,"5":3,"6":3,"7":2,"8":2,"9":2,"10":2,"11":1,"12":1,"13":1,"14":1,"15":5},"f":{"0":5,"1":1,"2":6,"3":2,"4":2,"5":1},"b":{"0":[3],"1":[1]}}
,"/Users/lothbrok/Documents/Documents - MacBook Pro de Lakhdar/BootCode/systeme_de_vote/src/core/entities/Topic.ts": {"path":"/Users/lothbrok/Documents/Documents - MacBook Pro de Lakhdar/BootCode/systeme_de_vote/src/core/entities/Topic.ts","statementMap":{"0":{"start":{"line":1,"column":0},"end":{"line":1,"column":26}},"1":{"start":{"line":17,"column":4},"end":{"line":17,"column":33}},"2":{"start":{"line":21,"column":18},"end":{"line":28,"column":6}},"3":{"start":{"line":29,"column":4},"end":{"line":29,"column":17}},"4":{"start":{"line":13,"column":0},"end":{"line":13,"column":13}}},"fnMap":{"0":{"name":"(anonymous_0)","decl":{"start":{"line":16,"column":2},"end":{"line":16,"column":14}},"loc":{"start":{"line":16,"column":46},"end":{"line":18,"column":3}}},"1":{"name":"(anonymous_1)","decl":{"start":{"line":20,"column":2},"end":{"line":20,"column":8}},"loc":{"start":{"line":20,"column":74},"end":{"line":30,"column":3}}}},"branchMap":{},"s":{"0":17,"1":9,"2":1,"3":1,"4":17},"f":{"0":9,"1":1},"b":{}}
,"/Users/lothbrok/Documents/Documents - MacBook Pro de Lakhdar/BootCode/systeme_de_vote/src/core/entities/User.ts": {"path":"/Users/lothbrok/Documents/Documents - MacBook Pro de Lakhdar/BootCode/systeme_de_vote/src/core/entities/User.ts","statementMap":{"0":{"start":{"line":1,"column":0},"end":{"line":1,"column":26}},"1":{"start":{"line":16,"column":4},"end":{"line":16,"column":32}},"2":{"start":{"line":20,"column":17},"end":{"line":27,"column":6}},"3":{"start":{"line":28,"column":4},"end":{"line":28,"column":16}},"4":{"start":{"line":32,"column":4},"end":{"line":32,"column":null}},"5":{"start":{"line":33,"column":4},"end":{"line":33,"column":16}},"6":{"start":{"line":12,"column":0},"end":{"line":12,"column":13}}},"fnMap":{"0":{"name":"(anonymous_0)","decl":{"start":{"line":15,"column":2},"end":{"line":15,"column":14}},"loc":{"start":{"line":15,"column":44},"end":{"line":17,"column":3}}},"1":{"name":"(anonymous_1)","decl":{"start":{"line":19,"column":2},"end":{"line":19,"column":8}},"loc":{"start":{"line":19,"column":74},"end":{"line":29,"column":3}}},"2":{"name":"(anonymous_2)","decl":{"start":{"line":31,"column":2},"end":{"line":31,"column":8}},"loc":{"start":{"line":31,"column":28},"end":{"line":34,"column":3}}}},"branchMap":{},"s":{"0":17,"1":11,"2":1,"3":1,"4":1,"5":1,"6":17},"f":{"0":11,"1":1,"2":1},"b":{}}
,"/Users/lothbrok/Documents/Documents - MacBook Pro de Lakhdar/BootCode/systeme_de_vote/src/core/entities/Vote.ts": {"path":"/Users/lothbrok/Documents/Documents - MacBook Pro de Lakhdar/BootCode/systeme_de_vote/src/core/entities/Vote.ts","statementMap":{"0":{"start":{"line":1,"column":0},"end":{"line":1,"column":26}},"1":{"start":{"line":15,"column":4},"end":{"line":15,"column":32}},"2":{"start":{"line":19,"column":17},"end":{"line":25,"column":6}},"3":{"start":{"line":26,"column":4},"end":{"line":26,"column":16}},"4":{"start":{"line":11,"column":0},"end":{"line":11,"column":13}}},"fnMap":{"0":{"name":"(anonymous_0)","decl":{"start":{"line":14,"column":2},"end":{"line":14,"column":14}},"loc":{"start":{"line":14,"column":44},"end":{"line":16,"column":3}}},"1":{"name":"(anonymous_1)","decl":{"start":{"line":18,"column":2},"end":{"line":18,"column":8}},"loc":{"start":{"line":18,"column":73},"end":{"line":27,"column":3}}}},"branchMap":{},"s":{"0":17,"1":14,"2":1,"3":1,"4":17},"f":{"0":14,"1":1},"b":{}}
,"/Users/lothbrok/Documents/Documents - MacBook Pro de Lakhdar/BootCode/systeme_de_vote/src/core/errors/DomainErrors.ts": {"path":"/Users/lothbrok/Documents/Documents - MacBook Pro de Lakhdar/BootCode/systeme_de_vote/src/core/errors/DomainErrors.ts","statementMap":{"0":{"start":{"line":1,"column":0},"end":{"line":1,"column":13}}},"fnMap":{},"branchMap":{},"s":{"0":14},"f":{},"b":{}}
,"/Users/lothbrok/Documents/Documents - MacBook Pro de Lakhdar/BootCode/systeme_de_vote/src/core/errors/TopicErrors.ts": {"path":"/Users/lothbrok/Documents/Documents - MacBook Pro de Lakhdar/BootCode/systeme_de_vote/src/core/errors/TopicErrors.ts","statementMap":{"0":{"start":{"line":1,"column":0},"end":{"line":1,"column":46}},"1":{"start":{"line":3,"column":0},"end":{"line":3,"column":null}},"2":{"start":{"line":6,"column":6},"end":{"line":6,"column":31}},"3":{"start":{"line":4,"column":15},"end":{"line":8,"column":null}}},"fnMap":{"0":{"name":"(anonymous_0)","decl":{"start":{"line":3,"column":0},"end":{"line":3,"column":17}},"loc":{"start":{"line":3,"column":28},"end":{"line":9,"column":1}}},"1":{"name":"(anonymous_1)","decl":{"start":{"line":5,"column":4},"end":{"line":5,"column":null}},"loc":{"start":{"line":5,"column":4},"end":{"line":7,"column":5}}}},"branchMap":{"0":{"loc":{"start":{"line":3,"column":17},"end":{"line":3,"column":null}},"type":"binary-expr","locations":[{"start":{"line":3,"column":17},"end":{"line":3,"column":28}},{"start":{"line":3,"column":28},"end":{"line":3,"column":null}}]}},"s":{"0":4,"1":4,"2":4,"3":4},"f":{"0":4,"1":4},"b":{"0":[4,4]}}
,"/Users/lothbrok/Documents/Documents - MacBook Pro de Lakhdar/BootCode/systeme_de_vote/src/core/errors/UserErrors.ts": {"path":"/Users/lothbrok/Documents/Documents - MacBook Pro de Lakhdar/BootCode/systeme_de_vote/src/core/errors/UserErrors.ts","statementMap":{"0":{"start":{"line":1,"column":0},"end":{"line":1,"column":46}},"1":{"start":{"line":3,"column":0},"end":{"line":3,"column":null}},"2":{"start":{"line":6,"column":6},"end":{"line":6,"column":30}},"3":{"start":{"line":4,"column":15},"end":{"line":8,"column":null}},"4":{"start":{"line":12,"column":6},"end":{"line":12,"column":35}},"5":{"start":{"line":10,"column":15},"end":{"line":14,"column":null}},"6":{"start":{"line":18,"column":6},"end":{"line":18,"column":32}},"7":{"start":{"line":16,"column":15},"end":{"line":20,"column":null}},"8":{"start":{"line":24,"column":6},"end":{"line":24,"column":31}},"9":{"start":{"line":22,"column":15},"end":{"line":26,"column":null}}},"fnMap":{"0":{"name":"(anonymous_0)","decl":{"start":{"line":3,"column":0},"end":{"line":3,"column":17}},"loc":{"start":{"line":3,"column":27},"end":{"line":27,"column":1}}},"1":{"name":"(anonymous_1)","decl":{"start":{"line":5,"column":4},"end":{"line":5,"column":null}},"loc":{"start":{"line":5,"column":4},"end":{"line":7,"column":5}}},"2":{"name":"(anonymous_2)","decl":{"start":{"line":11,"column":4},"end":{"line":11,"column":null}},"loc":{"start":{"line":11,"column":4},"end":{"line":13,"column":5}}},"3":{"name":"(anonymous_3)","decl":{"start":{"line":17,"column":4},"end":{"line":17,"column":null}},"loc":{"start":{"line":17,"column":4},"end":{"line":19,"column":5}}},"4":{"name":"(anonymous_4)","decl":{"start":{"line":23,"column":4},"end":{"line":23,"column":null}},"loc":{"start":{"line":23,"column":4},"end":{"line":25,"column":5}}}},"branchMap":{"0":{"loc":{"start":{"line":3,"column":17},"end":{"line":3,"column":null}},"type":"binary-expr","locations":[{"start":{"line":3,"column":17},"end":{"line":3,"column":27}},{"start":{"line":3,"column":27},"end":{"line":3,"column":null}}]}},"s":{"0":7,"1":7,"2":4,"3":7,"4":1,"5":7,"6":2,"7":7,"8":2,"9":7},"f":{"0":7,"1":4,"2":1,"3":2,"4":2},"b":{"0":[7,7]}}
,"/Users/lothbrok/Documents/Documents - MacBook Pro de Lakhdar/BootCode/systeme_de_vote/src/core/errors/VoteErrors.ts": {"path":"/Users/lothbrok/Documents/Documents - MacBook Pro de Lakhdar/BootCode/systeme_de_vote/src/core/errors/VoteErrors.ts","statementMap":{"0":{"start":{"line":1,"column":0},"end":{"line":1,"column":46}},"1":{"start":{"line":3,"column":0},"end":{"line":3,"column":null}},"2":{"start":{"line":6,"column":6},"end":{"line":6,"column":30}},"3":{"start":{"line":4,"column":15},"end":{"line":8,"column":null}}},"fnMap":{"0":{"name":"(anonymous_0)","decl":{"start":{"line":3,"column":0},"end":{"line":3,"column":17}},"loc":{"start":{"line":3,"column":27},"end":{"line":9,"column":1}}},"1":{"name":"(anonymous_1)","decl":{"start":{"line":5,"column":4},"end":{"line":5,"column":null}},"loc":{"start":{"line":5,"column":4},"end":{"line":7,"column":5}}}},"branchMap":{"0":{"loc":{"start":{"line":3,"column":17},"end":{"line":3,"column":null}},"type":"binary-expr","locations":[{"start":{"line":3,"column":17},"end":{"line":3,"column":27}},{"start":{"line":3,"column":27},"end":{"line":3,"column":null}}]}},"s":{"0":4,"1":4,"2":4,"3":4},"f":{"0":4,"1":4},"b":{"0":[4,4]}}
,"/Users/lothbrok/Documents/Documents - MacBook Pro de Lakhdar/BootCode/systeme_de_vote/src/core/tools/dataBuilders.ts": {"path":"/Users/lothbrok/Documents/Documents - MacBook Pro de Lakhdar/BootCode/systeme_de_vote/src/core/tools/dataBuilders.ts","statementMap":{"0":{"start":{"line":2,"column":0},"end":{"line":2,"column":40}},"1":{"start":{"line":3,"column":0},"end":{"line":3,"column":40}},"2":{"start":{"line":4,"column":0},"end":{"line":4,"column":44}},"3":{"start":{"line":5,"column":0},"end":{"line":5,"column":42}},"4":{"start":{"line":35,"column":4},"end":{"line":42,"column":7}},"5":{"start":{"line":46,"column":4},"end":{"line":52,"column":7}},"6":{"start":{"line":56,"column":4},"end":{"line":63,"column":7}},"7":{"start":{"line":33,"column":0},"end":{"line":33,"column":13}}},"fnMap":{"0":{"name":"(anonymous_0)","decl":{"start":{"line":34,"column":2},"end":{"line":34,"column":8}},"loc":{"start":{"line":34,"column":42},"end":{"line":43,"column":3}}},"1":{"name":"(anonymous_1)","decl":{"start":{"line":45,"column":2},"end":{"line":45,"column":8}},"loc":{"start":{"line":45,"column":42},"end":{"line":53,"column":3}}},"2":{"name":"(anonymous_2)","decl":{"start":{"line":55,"column":2},"end":{"line":55,"column":8}},"loc":{"start":{"line":55,"column":44},"end":{"line":64,"column":3}}}},"branchMap":{"0":{"loc":{"start":{"line":36,"column":10},"end":{"line":36,"column":42}},"type":"cond-expr","locations":[{"start":{"line":36,"column":22},"end":{"line":36,"column":30}},{"start":{"line":36,"column":33},"end":{"line":36,"column":42}}]},"1":{"loc":{"start":{"line":36,"column":10},"end":{"line":36,"column":19}},"type":"cond-expr","locations":[{"start":{"line":36,"column":15},"end":{"line":36,"column":17}},{"start":{"line":36,"column":10},"end":{"line":36,"column":19}}]},"2":{"loc":{"start":{"line":36,"column":10},"end":{"line":36,"column":17}},"type":"binary-expr","locations":[{"start":{"line":36,"column":10},"end":{"line":36,"column":17}},{"start":{"line":36,"column":10},"end":{"line":36,"column":17}}]},"3":{"loc":{"start":{"line":37,"column":16},"end":{"line":37,"column":76}},"type":"cond-expr","locations":[{"start":{"line":37,"column":34},"end":{"line":37,"column":48}},{"start":{"line":37,"column":51},"end":{"line":37,"column":76}}]},"4":{"loc":{"start":{"line":37,"column":16},"end":{"line":37,"column":31}},"type":"cond-expr","locations":[{"start":{"line":37,"column":21},"end":{"line":37,"column":23}},{"start":{"line":37,"column":16},"end":{"line":37,"column":31}}]},"5":{"loc":{"start":{"line":37,"column":16},"end":{"line":37,"column":23}},"type":"binary-expr","locations":[{"start":{"line":37,"column":16},"end":{"line":37,"column":23}},{"start":{"line":37,"column":16},"end":{"line":37,"column":23}}]},"6":{"loc":{"start":{"line":38,"column":13},"end":{"line":38,"column":64}},"type":"cond-expr","locations":[{"start":{"line":38,"column":28},"end":{"line":38,"column":39}},{"start":{"line":38,"column":42},"end":{"line":38,"column":64}}]},"7":{"loc":{"start":{"line":38,"column":13},"end":{"line":38,"column":25}},"type":"cond-expr","locations":[{"start":{"line":38,"column":18},"end":{"line":38,"column":20}},{"start":{"line":38,"column":13},"end":{"line":38,"column":25}}]},"8":{"loc":{"start":{"line":38,"column":13},"end":{"line":38,"column":20}},"type":"binary-expr","locations":[{"start":{"line":38,"column":13},"end":{"line":38,"column":20}},{"start":{"line":38,"column":13},"end":{"line":38,"column":20}}]},"9":{"loc":{"start":{"line":39,"column":16},"end":{"line":39,"column":64}},"type":"cond-expr","locations":[{"start":{"line":39,"column":34},"end":{"line":39,"column":48}},{"start":{"line":39,"column":51},"end":{"line":39,"column":64}}]},"10":{"loc":{"start":{"line":39,"column":16},"end":{"line":39,"column":31}},"type":"cond-expr","locations":[{"start":{"line":39,"column":21},"end":{"line":39,"column":23}},{"start":{"line":39,"column":16},"end":{"line":39,"column":31}}]},"11":{"loc":{"start":{"line":39,"column":16},"end":{"line":39,"column":23}},"type":"binary-expr","locations":[{"start":{"line":39,"column":16},"end":{"line":39,"column":23}},{"start":{"line":39,"column":16},"end":{"line":39,"column":23}}]},"12":{"loc":{"start":{"line":40,"column":17},"end":{"line":40,"column":77}},"type":"cond-expr","locations":[{"start":{"line":40,"column":36},"end":{"line":40,"column":51}},{"start":{"line":40,"column":54},"end":{"line":40,"column":77}}]},"13":{"loc":{"start":{"line":40,"column":17},"end":{"line":40,"column":33}},"type":"cond-expr","locations":[{"start":{"line":40,"column":22},"end":{"line":40,"column":24}},{"start":{"line":40,"column":17},"end":{"line":40,"column":33}}]},"14":{"loc":{"start":{"line":40,"column":17},"end":{"line":40,"column":24}},"type":"binary-expr","locations":[{"start":{"line":40,"column":17},"end":{"line":40,"column":24}},{"start":{"line":40,"column":17},"end":{"line":40,"column":24}}]},"15":{"loc":{"start":{"line":41,"column":17},"end":{"line":41,"column":77}},"type":"cond-expr","locations":[{"start":{"line":41,"column":36},"end":{"line":41,"column":51}},{"start":{"line":41,"column":54},"end":{"line":41,"column":77}}]},"16":{"loc":{"start":{"line":41,"column":17},"end":{"line":41,"column":33}},"type":"cond-expr","locations":[{"start":{"line":41,"column":22},"end":{"line":41,"column":24}},{"start":{"line":41,"column":17},"end":{"line":41,"column":33}}]},"17":{"loc":{"start":{"line":41,"column":17},"end":{"line":41,"column":24}},"type":"binary-expr","locations":[{"start":{"line":41,"column":17},"end":{"line":41,"column":24}},{"start":{"line":41,"column":17},"end":{"line":41,"column":24}}]},"18":{"loc":{"start":{"line":47,"column":10},"end":{"line":47,"column":42}},"type":"cond-expr","locations":[{"start":{"line":47,"column":22},"end":{"line":47,"column":30}},{"start":{"line":47,"column":33},"end":{"line":47,"column":42}}]},"19":{"loc":{"start":{"line":47,"column":10},"end":{"line":47,"column":19}},"type":"cond-expr","locations":[{"start":{"line":47,"column":15},"end":{"line":47,"column":17}},{"start":{"line":47,"column":10},"end":{"line":47,"column":19}}]},"20":{"loc":{"start":{"line":47,"column":10},"end":{"line":47,"column":17}},"type":"binary-expr","locations":[{"start":{"line":47,"column":10},"end":{"line":47,"column":17}},{"start":{"line":47,"column":10},"end":{"line":47,"column":17}}]},"21":{"loc":{"start":{"line":48,"column":14},"end":{"line":48,"column":54}},"type":"cond-expr","locations":[{"start":{"line":48,"column":30},"end":{"line":48,"column":42}},{"start":{"line":48,"column":45},"end":{"line":48,"column":54}}]},"22":{"loc":{"start":{"line":48,"column":14},"end":{"line":48,"column":27}},"type":"cond-expr","locations":[{"start":{"line":48,"column":19},"end":{"line":48,"column":21}},{"start":{"line":48,"column":14},"end":{"line":48,"column":27}}]},"23":{"loc":{"start":{"line":48,"column":14},"end":{"line":48,"column":21}},"type":"binary-expr","locations":[{"start":{"line":48,"column":14},"end":{"line":48,"column":21}},{"start":{"line":48,"column":14},"end":{"line":48,"column":21}}]},"24":{"loc":{"start":{"line":49,"column":15},"end":{"line":49,"column":58}},"type":"cond-expr","locations":[{"start":{"line":49,"column":32},"end":{"line":49,"column":45}},{"start":{"line":49,"column":48},"end":{"line":49,"column":58}}]},"25":{"loc":{"start":{"line":49,"column":15},"end":{"line":49,"column":29}},"type":"cond-expr","locations":[{"start":{"line":49,"column":20},"end":{"line":49,"column":22}},{"start":{"line":49,"column":15},"end":{"line":49,"column":29}}]},"26":{"loc":{"start":{"line":49,"column":15},"end":{"line":49,"column":22}},"type":"binary-expr","locations":[{"start":{"line":49,"column":15},"end":{"line":49,"column":22}},{"start":{"line":49,"column":15},"end":{"line":49,"column":22}}]},"27":{"loc":{"start":{"line":50,"column":14},"end":{"line":50,"column":58}},"type":"cond-expr","locations":[{"start":{"line":50,"column":30},"end":{"line":50,"column":42}},{"start":{"line":50,"column":45},"end":{"line":50,"column":58}}]},"28":{"loc":{"start":{"line":50,"column":14},"end":{"line":50,"column":27}},"type":"cond-expr","locations":[{"start":{"line":50,"column":19},"end":{"line":50,"column":21}},{"start":{"line":50,"column":14},"end":{"line":50,"column":27}}]},"29":{"loc":{"start":{"line":50,"column":14},"end":{"line":50,"column":21}},"type":"binary-expr","locations":[{"start":{"line":50,"column":14},"end":{"line":50,"column":21}},{"start":{"line":50,"column":14},"end":{"line":50,"column":21}}]},"30":{"loc":{"start":{"line":50,"column":45},"end":{"line":50,"column":58}},"type":"binary-expr","locations":[{"start":{"line":50,"column":45},"end":{"line":50,"column":49}},{"start":{"line":50,"column":53},"end":{"line":50,"column":58}}]},"31":{"loc":{"start":{"line":51,"column":17},"end":{"line":51,"column":77}},"type":"cond-expr","locations":[{"start":{"line":51,"column":36},"end":{"line":51,"column":51}},{"start":{"line":51,"column":54},"end":{"line":51,"column":77}}]},"32":{"loc":{"start":{"line":51,"column":17},"end":{"line":51,"column":33}},"type":"cond-expr","locations":[{"start":{"line":51,"column":22},"end":{"line":51,"column":24}},{"start":{"line":51,"column":17},"end":{"line":51,"column":33}}]},"33":{"loc":{"start":{"line":51,"column":17},"end":{"line":51,"column":24}},"type":"binary-expr","locations":[{"start":{"line":51,"column":17},"end":{"line":51,"column":24}},{"start":{"line":51,"column":17},"end":{"line":51,"column":24}}]},"34":{"loc":{"start":{"line":57,"column":10},"end":{"line":57,"column":43}},"type":"cond-expr","locations":[{"start":{"line":57,"column":22},"end":{"line":57,"column":30}},{"start":{"line":57,"column":33},"end":{"line":57,"column":43}}]},"35":{"loc":{"start":{"line":57,"column":10},"end":{"line":57,"column":19}},"type":"cond-expr","locations":[{"start":{"line":57,"column":15},"end":{"line":57,"column":17}},{"start":{"line":57,"column":10},"end":{"line":57,"column":19}}]},"36":{"loc":{"start":{"line":57,"column":10},"end":{"line":57,"column":17}},"type":"binary-expr","locations":[{"start":{"line":57,"column":10},"end":{"line":57,"column":17}},{"start":{"line":57,"column":10},"end":{"line":57,"column":17}}]},"37":{"loc":{"start":{"line":58,"column":13},"end":{"line":58,"column":49}},"type":"cond-expr","locations":[{"start":{"line":58,"column":28},"end":{"line":58,"column":39}},{"start":{"line":58,"column":42},"end":{"line":58,"column":49}}]},"38":{"loc":{"start":{"line":58,"column":13},"end":{"line":58,"column":25}},"type":"cond-expr","locations":[{"start":{"line":58,"column":18},"end":{"line":58,"column":20}},{"start":{"line":58,"column":13},"end":{"line":58,"column":25}}]},"39":{"loc":{"start":{"line":58,"column":13},"end":{"line":58,"column":20}},"type":"binary-expr","locations":[{"start":{"line":58,"column":13},"end":{"line":58,"column":20}},{"start":{"line":58,"column":13},"end":{"line":58,"column":20}}]},"40":{"loc":{"start":{"line":59,"column":19},"end":{"line":59,"column":73}},"type":"cond-expr","locations":[{"start":{"line":59,"column":40},"end":{"line":59,"column":57}},{"start":{"line":59,"column":60},"end":{"line":59,"column":73}}]},"41":{"loc":{"start":{"line":59,"column":19},"end":{"line":59,"column":37}},"type":"cond-expr","locations":[{"start":{"line":59,"column":24},"end":{"line":59,"column":26}},{"start":{"line":59,"column":19},"end":{"line":59,"column":37}}]},"42":{"loc":{"start":{"line":59,"column":19},"end":{"line":59,"column":26}},"type":"binary-expr","locations":[{"start":{"line":59,"column":19},"end":{"line":59,"column":26}},{"start":{"line":59,"column":19},"end":{"line":59,"column":26}}]},"43":{"loc":{"start":{"line":60,"column":13},"end":{"line":60,"column":185}},"type":"cond-expr","locations":[{"start":{"line":60,"column":28},"end":{"line":60,"column":39}},{"start":{"line":60,"column":42},"end":{"line":60,"column":185}}]},"44":{"loc":{"start":{"line":60,"column":13},"end":{"line":60,"column":25}},"type":"cond-expr","locations":[{"start":{"line":60,"column":18},"end":{"line":60,"column":20}},{"start":{"line":60,"column":13},"end":{"line":60,"column":25}}]},"45":{"loc":{"start":{"line":60,"column":13},"end":{"line":60,"column":20}},"type":"binary-expr","locations":[{"start":{"line":60,"column":13},"end":{"line":60,"column":20}},{"start":{"line":60,"column":13},"end":{"line":60,"column":20}}]},"46":{"loc":{"start":{"line":60,"column":133},"end":{"line":60,"column":146}},"type":"binary-expr","locations":[{"start":{"line":60,"column":133},"end":{"line":60,"column":137}},{"start":{"line":60,"column":141},"end":{"line":60,"column":146}}]},"47":{"loc":{"start":{"line":61,"column":17},"end":{"line":61,"column":77}},"type":"cond-expr","locations":[{"start":{"line":61,"column":36},"end":{"line":61,"column":51}},{"start":{"line":61,"column":54},"end":{"line":61,"column":77}}]},"48":{"loc":{"start":{"line":61,"column":17},"end":{"line":61,"column":33}},"type":"cond-expr","locations":[{"start":{"line":61,"column":22},"end":{"line":61,"column":24}},{"start":{"line":61,"column":17},"end":{"line":61,"column":33}}]},"49":{"loc":{"start":{"line":61,"column":17},"end":{"line":61,"column":24}},"type":"binary-expr","locations":[{"start":{"line":61,"column":17},"end":{"line":61,"column":24}},{"start":{"line":61,"column":17},"end":{"line":61,"column":24}}]},"50":{"loc":{"start":{"line":62,"column":17},"end":{"line":62,"column":77}},"type":"cond-expr","locations":[{"start":{"line":62,"column":36},"end":{"line":62,"column":51}},{"start":{"line":62,"column":54},"end":{"line":62,"column":77}}]},"51":{"loc":{"start":{"line":62,"column":17},"end":{"line":62,"column":33}},"type":"cond-expr","locations":[{"start":{"line":62,"column":22},"end":{"line":62,"column":24}},{"start":{"line":62,"column":17},"end":{"line":62,"column":33}}]},"52":{"loc":{"start":{"line":62,"column":17},"end":{"line":62,"column":24}},"type":"binary-expr","locations":[{"start":{"line":62,"column":17},"end":{"line":62,"column":24}},{"start":{"line":62,"column":17},"end":{"line":62,"column":24}}]}},"s":{"0":17,"1":17,"2":17,"3":17,"4":8,"5":11,"6":6,"7":17},"f":{"0":8,"1":11,"2":6},"b":{"0":[1,7],"1":[6,2],"2":[8,8],"3":[1,7],"4":[6,2],"5":[8,8],"6":[1,7],"7":[6,2],"8":[8,8],"9":[1,7],"10":[6,2],"11":[8,8],"12":[1,7],"13":[6,2],"14":[8,8],"15":[1,7],"16":[6,2],"17":[8,8],"18":[6,5],"19":[5,6],"20":[11,11],"21":[6,5],"22":[5,6],"23":[11,11],"24":[6,5],"25":[5,6],"26":[11,11],"27":[5,6],"28":[5,6],"29":[11,11],"30":[6,0],"31":[6,5],"32":[5,6],"33":[11,11],"34":[1,5],"35":[5,1],"36":[6,6],"37":[1,5],"38":[5,1],"39":[6,6],"40":[1,5],"41":[5,1],"42":[6,6],"43":[1,5],"44":[5,1],"45":[6,6],"46":[5,0],"47":[1,5],"48":[5,1],"49":[6,6],"50":[1,5],"51":[5,1],"52":[6,6]}}
,"/Users/lothbrok/Documents/Documents - MacBook Pro de Lakhdar/BootCode/systeme_de_vote/src/core/usecases/topic/CreateTopic.ts": {"path":"/Users/lothbrok/Documents/Documents - MacBook Pro de Lakhdar/BootCode/systeme_de_vote/src/core/usecases/topic/CreateTopic.ts","statementMap":{"0":{"start":{"line":1,"column":0},"end":{"line":1,"column":45}},"1":{"start":{"line":3,"column":0},"end":{"line":3,"column":53}},"2":{"start":{"line":17,"column":21},"end":{"line":17,"column":56}},"3":{"start":{"line":18,"column":21},"end":{"line":18,"column":54}},"4":{"start":{"line":22,"column":43},"end":{"line":22,"column":48}},"5":{"start":{"line":24,"column":17},"end":{"line":24,"column":59}},"6":{"start":{"line":26,"column":4},"end":{"line":28,"column":5}},"7":{"start":{"line":27,"column":6},"end":{"line":27,"column":42}},"8":{"start":{"line":30,"column":18},"end":{"line":34,"column":6}},"9":{"start":{"line":36,"column":4},"end":{"line":36,"column":44}},"10":{"start":{"line":38,"column":4},"end":{"line":38,"column":17}},"11":{"start":{"line":15,"column":0},"end":{"line":15,"column":13}}},"fnMap":{"0":{"name":"(anonymous_7)","decl":{"start":{"line":16,"column":2},"end":{"line":16,"column":null}},"loc":{"start":{"line":18,"column":54},"end":{"line":19,"column":6}}},"1":{"name":"(anonymous_8)","decl":{"start":{"line":21,"column":8},"end":{"line":21,"column":15}},"loc":{"start":{"line":21,"column":39},"end":{"line":39,"column":null}}}},"branchMap":{"0":{"loc":{"start":{"line":26,"column":4},"end":{"line":28,"column":5}},"type":"if","locations":[{"start":{"line":26,"column":4},"end":{"line":28,"column":5}}]}},"s":{"0":1,"1":1,"2":1,"3":1,"4":2,"5":2,"6":2,"7":1,"8":1,"9":1,"10":1,"11":1},"f":{"0":1,"1":2},"b":{"0":[1]}}
,"/Users/lothbrok/Documents/Documents - MacBook Pro de Lakhdar/BootCode/systeme_de_vote/src/core/usecases/topic/DeleteTopic.ts": {"path":"/Users/lothbrok/Documents/Documents - MacBook Pro de Lakhdar/BootCode/systeme_de_vote/src/core/usecases/topic/DeleteTopic.ts","statementMap":{"0":{"start":{"line":2,"column":0},"end":{"line":2,"column":55}},"1":{"start":{"line":11,"column":31},"end":{"line":11,"column":66}},"2":{"start":{"line":14,"column":19},"end":{"line":14,"column":24}},"3":{"start":{"line":16,"column":18},"end":{"line":16,"column":57}},"4":{"start":{"line":18,"column":4},"end":{"line":20,"column":5}},"5":{"start":{"line":19,"column":6},"end":{"line":19,"column":44}},"6":{"start":{"line":22,"column":4},"end":{"line":22,"column":43}},"7":{"start":{"line":24,"column":4},"end":{"line":24,"column":11}},"8":{"start":{"line":10,"column":0},"end":{"line":10,"column":13}}},"fnMap":{"0":{"name":"(anonymous_7)","decl":{"start":{"line":11,"column":2},"end":{"line":11,"column":31}},"loc":{"start":{"line":11,"column":66},"end":{"line":11,"column":70}}},"1":{"name":"(anonymous_8)","decl":{"start":{"line":13,"column":8},"end":{"line":13,"column":15}},"loc":{"start":{"line":13,"column":39},"end":{"line":25,"column":null}}}},"branchMap":{"0":{"loc":{"start":{"line":18,"column":4},"end":{"line":20,"column":5}},"type":"if","locations":[{"start":{"line":18,"column":4},"end":{"line":20,"column":5}}]}},"s":{"0":1,"1":1,"2":2,"3":2,"4":2,"5":1,"6":1,"7":1,"8":1},"f":{"0":1,"1":2},"b":{"0":[1]}}
,"/Users/lothbrok/Documents/Documents - MacBook Pro de Lakhdar/BootCode/systeme_de_vote/src/core/usecases/topic/GetTopicById.ts": {"path":"/Users/lothbrok/Documents/Documents - MacBook Pro de Lakhdar/BootCode/systeme_de_vote/src/core/usecases/topic/GetTopicById.ts","statementMap":{"0":{"start":{"line":2,"column":0},"end":{"line":2,"column":55}},"1":{"start":{"line":11,"column":31},"end":{"line":11,"column":66}},"2":{"start":{"line":14,"column":19},"end":{"line":14,"column":24}},"3":{"start":{"line":16,"column":18},"end":{"line":16,"column":57}},"4":{"start":{"line":18,"column":4},"end":{"line":20,"column":5}},"5":{"start":{"line":19,"column":8},"end":{"line":19,"column":46}},"6":{"start":{"line":22,"column":4},"end":{"line":22,"column":17}},"7":{"start":{"line":10,"column":0},"end":{"line":10,"column":13}}},"fnMap":{"0":{"name":"(anonymous_7)","decl":{"start":{"line":11,"column":2},"end":{"line":11,"column":31}},"loc":{"start":{"line":11,"column":66},"end":{"line":11,"column":70}}},"1":{"name":"(anonymous_8)","decl":{"start":{"line":13,"column":8},"end":{"line":13,"column":15}},"loc":{"start":{"line":13,"column":40},"end":{"line":23,"column":null}}}},"branchMap":{"0":{"loc":{"start":{"line":18,"column":4},"end":{"line":20,"column":5}},"type":"if","locations":[{"start":{"line":18,"column":4},"end":{"line":20,"column":5}}]}},"s":{"0":1,"1":1,"2":2,"3":2,"4":2,"5":1,"6":1,"7":1},"f":{"0":1,"1":2},"b":{"0":[1]}}
,"/Users/lothbrok/Documents/Documents - MacBook Pro de Lakhdar/BootCode/systeme_de_vote/src/core/usecases/topic/GetTopicByTitle.ts": {"path":"/Users/lothbrok/Documents/Documents - MacBook Pro de Lakhdar/BootCode/systeme_de_vote/src/core/usecases/topic/GetTopicByTitle.ts","statementMap":{"0":{"start":{"line":2,"column":0},"end":{"line":2,"column":55}},"1":{"start":{"line":11,"column":31},"end":{"line":11,"column":66}},"2":{"start":{"line":14,"column":22},"end":{"line":14,"column":27}},"3":{"start":{"line":16,"column":18},"end":{"line":16,"column":63}},"4":{"start":{"line":18,"column":4},"end":{"line":20,"column":5}},"5":{"start":{"line":19,"column":8},"end":{"line":19,"column":46}},"6":{"start":{"line":22,"column":4},"end":{"line":22,"column":17}},"7":{"start":{"line":10,"column":0},"end":{"line":10,"column":13}}},"fnMap":{"0":{"name":"(anonymous_7)","decl":{"start":{"line":11,"column":2},"end":{"line":11,"column":31}},"loc":{"start":{"line":11,"column":66},"end":{"line":11,"column":70}}},"1":{"name":"(anonymous_8)","decl":{"start":{"line":13,"column":8},"end":{"line":13,"column":15}},"loc":{"start":{"line":13,"column":43},"end":{"line":23,"column":null}}}},"branchMap":{"0":{"loc":{"start":{"line":18,"column":4},"end":{"line":20,"column":5}},"type":"if","locations":[{"start":{"line":18,"column":4},"end":{"line":20,"column":5}}]}},"s":{"0":1,"1":1,"2":2,"3":2,"4":2,"5":1,"6":1,"7":1},"f":{"0":1,"1":2},"b":{"0":[1]}}
,"/Users/lothbrok/Documents/Documents - MacBook Pro de Lakhdar/BootCode/systeme_de_vote/src/core/usecases/user/CreateUser.ts": {"path":"/Users/lothbrok/Documents/Documents - MacBook Pro de Lakhdar/BootCode/systeme_de_vote/src/core/usecases/user/CreateUser.ts","statementMap":{"0":{"start":{"line":1,"column":0},"end":{"line":1,"column":43}},"1":{"start":{"line":2,"column":0},"end":{"line":2,"column":53}},"2":{"start":{"line":5,"column":0},"end":{"line":5,"column":64}},"3":{"start":{"line":16,"column":21},"end":{"line":16,"column":54}},"4":{"start":{"line":17,"column":21},"end":{"line":17,"column":54}},"5":{"start":{"line":21,"column":42},"end":{"line":21,"column":47}},"6":{"start":{"line":23,"column":30},"end":{"line":23,"column":74}},"7":{"start":{"line":25,"column":4},"end":{"line":27,"column":5}},"8":{"start":{"line":26,"column":6},"end":{"line":26,"column":42}},"9":{"start":{"line":29,"column":30},"end":{"line":29,"column":57}},"10":{"start":{"line":31,"column":27},"end":{"line":31,"column":80}},"11":{"start":{"line":33,"column":17},"end":{"line":37,"column":6}},"12":{"start":{"line":39,"column":4},"end":{"line":39,"column":42}},"13":{"start":{"line":41,"column":4},"end":{"line":41,"column":16}},"14":{"start":{"line":14,"column":0},"end":{"line":14,"column":13}}},"fnMap":{"0":{"name":"(anonymous_7)","decl":{"start":{"line":15,"column":2},"end":{"line":15,"column":null}},"loc":{"start":{"line":17,"column":54},"end":{"line":18,"column":6}}},"1":{"name":"(anonymous_8)","decl":{"start":{"line":20,"column":8},"end":{"line":20,"column":15}},"loc":{"start":{"line":20,"column":38},"end":{"line":42,"column":null}}}},"branchMap":{"0":{"loc":{"start":{"line":25,"column":4},"end":{"line":27,"column":5}},"type":"if","locations":[{"start":{"line":25,"column":4},"end":{"line":27,"column":5}}]}},"s":{"0":1,"1":1,"2":1,"3":1,"4":1,"5":3,"6":3,"7":3,"8":1,"9":2,"10":1,"11":1,"12":1,"13":1,"14":1},"f":{"0":1,"1":3},"b":{"0":[1]}}
,"/Users/lothbrok/Documents/Documents - MacBook Pro de Lakhdar/BootCode/systeme_de_vote/src/core/usecases/user/DeleteUser.ts": {"path":"/Users/lothbrok/Documents/Documents - MacBook Pro de Lakhdar/BootCode/systeme_de_vote/src/core/usecases/user/DeleteUser.ts","statementMap":{"0":{"start":{"line":1,"column":0},"end":{"line":1,"column":53}},"1":{"start":{"line":10,"column":31},"end":{"line":10,"column":64}},"2":{"start":{"line":13,"column":19},"end":{"line":13,"column":24}},"3":{"start":{"line":15,"column":17},"end":{"line":15,"column":55}},"4":{"start":{"line":17,"column":4},"end":{"line":19,"column":5}},"5":{"start":{"line":18,"column":6},"end":{"line":18,"column":42}},"6":{"start":{"line":21,"column":4},"end":{"line":21,"column":42}},"7":{"start":{"line":23,"column":4},"end":{"line":23,"column":11}},"8":{"start":{"line":9,"column":0},"end":{"line":9,"column":13}}},"fnMap":{"0":{"name":"(anonymous_7)","decl":{"start":{"line":10,"column":2},"end":{"line":10,"column":31}},"loc":{"start":{"line":10,"column":64},"end":{"line":10,"column":68}}},"1":{"name":"(anonymous_8)","decl":{"start":{"line":12,"column":8},"end":{"line":12,"column":15}},"loc":{"start":{"line":12,"column":38},"end":{"line":24,"column":null}}}},"branchMap":{"0":{"loc":{"start":{"line":17,"column":4},"end":{"line":19,"column":5}},"type":"if","locations":[{"start":{"line":17,"column":4},"end":{"line":19,"column":5}}]}},"s":{"0":1,"1":1,"2":2,"3":2,"4":2,"5":1,"6":1,"7":1,"8":1},"f":{"0":1,"1":2},"b":{"0":[1]}}
,"/Users/lothbrok/Documents/Documents - MacBook Pro de Lakhdar/BootCode/systeme_de_vote/src/core/usecases/user/GetUserByEmail.ts": {"path":"/Users/lothbrok/Documents/Documents - MacBook Pro de Lakhdar/BootCode/systeme_de_vote/src/core/usecases/user/GetUserByEmail.ts","statementMap":{"0":{"start":{"line":2,"column":0},"end":{"line":2,"column":53}},"1":{"start":{"line":11,"column":31},"end":{"line":11,"column":64}},"2":{"start":{"line":14,"column":22},"end":{"line":14,"column":27}},"3":{"start":{"line":16,"column":17},"end":{"line":16,"column":61}},"4":{"start":{"line":18,"column":4},"end":{"line":20,"column":5}},"5":{"start":{"line":19,"column":6},"end":{"line":19,"column":43}},"6":{"start":{"line":22,"column":4},"end":{"line":22,"column":16}},"7":{"start":{"line":10,"column":0},"end":{"line":10,"column":13}}},"fnMap":{"0":{"name":"(anonymous_7)","decl":{"start":{"line":11,"column":2},"end":{"line":11,"column":31}},"loc":{"start":{"line":11,"column":64},"end":{"line":11,"column":68}}},"1":{"name":"(anonymous_8)","decl":{"start":{"line":13,"column":8},"end":{"line":13,"column":15}},"loc":{"start":{"line":13,"column":42},"end":{"line":23,"column":null}}}},"branchMap":{"0":{"loc":{"start":{"line":18,"column":4},"end":{"line":20,"column":5}},"type":"if","locations":[{"start":{"line":18,"column":4},"end":{"line":20,"column":5}}]}},"s":{"0":1,"1":1,"2":2,"3":2,"4":2,"5":1,"6":1,"7":1},"f":{"0":1,"1":2},"b":{"0":[1]}}
,"/Users/lothbrok/Documents/Documents - MacBook Pro de Lakhdar/BootCode/systeme_de_vote/src/core/usecases/user/GetUserById.ts": {"path":"/Users/lothbrok/Documents/Documents - MacBook Pro de Lakhdar/BootCode/systeme_de_vote/src/core/usecases/user/GetUserById.ts","statementMap":{"0":{"start":{"line":2,"column":0},"end":{"line":2,"column":53}},"1":{"start":{"line":11,"column":31},"end":{"line":11,"column":64}},"2":{"start":{"line":14,"column":19},"end":{"line":14,"column":24}},"3":{"start":{"line":16,"column":17},"end":{"line":16,"column":55}},"4":{"start":{"line":18,"column":4},"end":{"line":20,"column":5}},"5":{"start":{"line":19,"column":6},"end":{"line":19,"column":42}},"6":{"start":{"line":22,"column":4},"end":{"line":22,"column":16}},"7":{"start":{"line":10,"column":0},"end":{"line":10,"column":13}}},"fnMap":{"0":{"name":"(anonymous_7)","decl":{"start":{"line":11,"column":2},"end":{"line":11,"column":31}},"loc":{"start":{"line":11,"column":64},"end":{"line":11,"column":68}}},"1":{"name":"(anonymous_8)","decl":{"start":{"line":13,"column":8},"end":{"line":13,"column":15}},"loc":{"start":{"line":13,"column":39},"end":{"line":23,"column":null}}}},"branchMap":{"0":{"loc":{"start":{"line":18,"column":4},"end":{"line":20,"column":5}},"type":"if","locations":[{"start":{"line":18,"column":4},"end":{"line":20,"column":5}}]}},"s":{"0":1,"1":1,"2":2,"3":2,"4":2,"5":1,"6":1,"7":1},"f":{"0":1,"1":2},"b":{"0":[1]}}
,"/Users/lothbrok/Documents/Documents - MacBook Pro de Lakhdar/BootCode/systeme_de_vote/src/core/usecases/user/SignIn.ts": {"path":"/Users/lothbrok/Documents/Documents - MacBook Pro de Lakhdar/BootCode/systeme_de_vote/src/core/usecases/user/SignIn.ts","statementMap":{"0":{"start":{"line":2,"column":0},"end":{"line":2,"column":53}},"1":{"start":{"line":14,"column":21},"end":{"line":14,"column":54}},"2":{"start":{"line":15,"column":21},"end":{"line":15,"column":54}},"3":{"start":{"line":19,"column":32},"end":{"line":19,"column":37}},"4":{"start":{"line":21,"column":17},"end":{"line":21,"column":61}},"5":{"start":{"line":23,"column":4},"end":{"line":25,"column":5}},"6":{"start":{"line":24,"column":6},"end":{"line":24,"column":43}},"7":{"start":{"line":27,"column":23},"end":{"line":27,"column":83}},"8":{"start":{"line":29,"column":4},"end":{"line":31,"column":5}},"9":{"start":{"line":30,"column":6},"end":{"line":30,"column":45}},"10":{"start":{"line":33,"column":4},"end":{"line":33,"column":16}},"11":{"start":{"line":12,"column":0},"end":{"line":12,"column":13}}},"fnMap":{"0":{"name":"(anonymous_7)","decl":{"start":{"line":13,"column":2},"end":{"line":13,"column":null}},"loc":{"start":{"line":15,"column":54},"end":{"line":16,"column":6}}},"1":{"name":"(anonymous_8)","decl":{"start":{"line":18,"column":8},"end":{"line":18,"column":15}},"loc":{"start":{"line":18,"column":34},"end":{"line":34,"column":null}}}},"branchMap":{"0":{"loc":{"start":{"line":23,"column":4},"end":{"line":25,"column":5}},"type":"if","locations":[{"start":{"line":23,"column":4},"end":{"line":25,"column":5}}]},"1":{"loc":{"start":{"line":29,"column":4},"end":{"line":31,"column":5}},"type":"if","locations":[{"start":{"line":29,"column":4},"end":{"line":31,"column":5}}]}},"s":{"0":1,"1":1,"2":1,"3":3,"4":3,"5":3,"6":1,"7":2,"8":2,"9":1,"10":1,"11":1},"f":{"0":1,"1":3},"b":{"0":[1],"1":[1]}}
,"/Users/lothbrok/Documents/Documents - MacBook Pro de Lakhdar/BootCode/systeme_de_vote/src/core/usecases/user/UpdateUser.ts": {"path":"/Users/lothbrok/Documents/Documents - MacBook Pro de Lakhdar/BootCode/systeme_de_vote/src/core/usecases/user/UpdateUser.ts","statementMap":{"0":{"start":{"line":2,"column":0},"end":{"line":2,"column":53}},"1":{"start":{"line":12,"column":31},"end":{"line":12,"column":64}},"2":{"start":{"line":15,"column":32},"end":{"line":15,"column":37}},"3":{"start":{"line":17,"column":17},"end":{"line":17,"column":55}},"4":{"start":{"line":19,"column":4},"end":{"line":21,"column":5}},"5":{"start":{"line":20,"column":6},"end":{"line":20,"column":42}},"6":{"start":{"line":23,"column":4},"end":{"line":23,"column":29}},"7":{"start":{"line":25,"column":4},"end":{"line":25,"column":16}},"8":{"start":{"line":11,"column":0},"end":{"line":11,"column":13}}},"fnMap":{"0":{"name":"(anonymous_7)","decl":{"start":{"line":12,"column":2},"end":{"line":12,"column":31}},"loc":{"start":{"line":12,"column":64},"end":{"line":12,"column":68}}},"1":{"name":"(anonymous_8)","decl":{"start":{"line":14,"column":8},"end":{"line":14,"column":15}},"loc":{"start":{"line":14,"column":38},"end":{"line":26,"column":null}}}},"branchMap":{"0":{"loc":{"start":{"line":19,"column":4},"end":{"line":21,"column":5}},"type":"if","locations":[{"start":{"line":19,"column":4},"end":{"line":21,"column":5}}]}},"s":{"0":1,"1":1,"2":2,"3":2,"4":2,"5":1,"6":1,"7":1,"8":1},"f":{"0":1,"1":2},"b":{"0":[1]}}
,"/Users/lothbrok/Documents/Documents - MacBook Pro de Lakhdar/BootCode/systeme_de_vote/src/core/usecases/vote/CreateVote.ts": {"path":"/Users/lothbrok/Documents/Documents - MacBook Pro de Lakhdar/BootCode/systeme_de_vote/src/core/usecases/vote/CreateVote.ts","statementMap":{"0":{"start":{"line":1,"column":0},"end":{"line":1,"column":43}},"1":{"start":{"line":2,"column":0},"end":{"line":2,"column":55}},"2":{"start":{"line":3,"column":0},"end":{"line":3,"column":53}},"3":{"start":{"line":17,"column":21},"end":{"line":17,"column":54}},"4":{"start":{"line":18,"column":21},"end":{"line":18,"column":56}},"5":{"start":{"line":19,"column":21},"end":{"line":19,"column":54}},"6":{"start":{"line":23,"column":40},"end":{"line":23,"column":45}},"7":{"start":{"line":25,"column":17},"end":{"line":25,"column":59}},"8":{"start":{"line":27,"column":4},"end":{"line":29,"column":5}},"9":{"start":{"line":28,"column":6},"end":{"line":28,"column":42}},"10":{"start":{"line":31,"column":18},"end":{"line":31,"column":62}},"11":{"start":{"line":33,"column":4},"end":{"line":35,"column":5}},"12":{"start":{"line":34,"column":6},"end":{"line":34,"column":44}},"13":{"start":{"line":37,"column":17},"end":{"line":41,"column":6}},"14":{"start":{"line":43,"column":4},"end":{"line":43,"column":42}},"15":{"start":{"line":45,"column":4},"end":{"line":45,"column":16}},"16":{"start":{"line":15,"column":0},"end":{"line":15,"column":13}}},"fnMap":{"0":{"name":"(anonymous_7)","decl":{"start":{"line":16,"column":2},"end":{"line":16,"column":null}},"loc":{"start":{"line":19,"column":54},"end":{"line":20,"column":6}}},"1":{"name":"(anonymous_8)","decl":{"start":{"line":22,"column":8},"end":{"line":22,"column":15}},"loc":{"start":{"line":22,"column":38},"end":{"line":46,"column":null}}}},"branchMap":{"0":{"loc":{"start":{"line":27,"column":4},"end":{"line":29,"column":5}},"type":"if","locations":[{"start":{"line":27,"column":4},"end":{"line":29,"column":5}}]},"1":{"loc":{"start":{"line":33,"column":4},"end":{"line":35,"column":5}},"type":"if","locations":[{"start":{"line":33,"column":4},"end":{"line":35,"column":5}}]}},"s":{"0":1,"1":1,"2":1,"3":1,"4":1,"5":1,"6":3,"7":3,"8":3,"9":1,"10":2,"11":2,"12":1,"13":1,"14":1,"15":1,"16":1},"f":{"0":1,"1":3},"b":{"0":[1],"1":[1]}}
,"/Users/lothbrok/Documents/Documents - MacBook Pro de Lakhdar/BootCode/systeme_de_vote/src/core/usecases/vote/DeleteVote.ts": {"path":"/Users/lothbrok/Documents/Documents - MacBook Pro de Lakhdar/BootCode/systeme_de_vote/src/core/usecases/vote/DeleteVote.ts","statementMap":{"0":{"start":{"line":1,"column":0},"end":{"line":1,"column":53}},"1":{"start":{"line":10,"column":31},"end":{"line":10,"column":64}},"2":{"start":{"line":13,"column":19},"end":{"line":13,"column":24}},"3":{"start":{"line":15,"column":17},"end":{"line":15,"column":55}},"4":{"start":{"line":17,"column":4},"end":{"line":19,"column":5}},"5":{"start":{"line":18,"column":6},"end":{"line":18,"column":42}},"6":{"start":{"line":21,"column":4},"end":{"line":21,"column":42}},"7":{"start":{"line":23,"column":4},"end":{"line":23,"column":11}},"8":{"start":{"line":9,"column":0},"end":{"line":9,"column":13}}},"fnMap":{"0":{"name":"(anonymous_7)","decl":{"start":{"line":10,"column":2},"end":{"line":10,"column":31}},"loc":{"start":{"line":10,"column":64},"end":{"line":10,"column":68}}},"1":{"name":"(anonymous_8)","decl":{"start":{"line":12,"column":8},"end":{"line":12,"column":15}},"loc":{"start":{"line":12,"column":38},"end":{"line":24,"column":null}}}},"branchMap":{"0":{"loc":{"start":{"line":17,"column":4},"end":{"line":19,"column":5}},"type":"if","locations":[{"start":{"line":17,"column":4},"end":{"line":19,"column":5}}]}},"s":{"0":1,"1":1,"2":2,"3":2,"4":2,"5":1,"6":1,"7":1,"8":1},"f":{"0":1,"1":2},"b":{"0":[1]}}
,"/Users/lothbrok/Documents/Documents - MacBook Pro de Lakhdar/BootCode/systeme_de_vote/src/core/usecases/vote/GetVoteById.ts": {"path":"/Users/lothbrok/Documents/Documents - MacBook Pro de Lakhdar/BootCode/systeme_de_vote/src/core/usecases/vote/GetVoteById.ts","statementMap":{"0":{"start":{"line":2,"column":0},"end":{"line":2,"column":53}},"1":{"start":{"line":11,"column":31},"end":{"line":11,"column":64}},"2":{"start":{"line":14,"column":19},"end":{"line":14,"column":24}},"3":{"start":{"line":16,"column":17},"end":{"line":16,"column":55}},"4":{"start":{"line":18,"column":4},"end":{"line":20,"column":5}},"5":{"start":{"line":19,"column":6},"end":{"line":19,"column":42}},"6":{"start":{"line":22,"column":4},"end":{"line":22,"column":16}},"7":{"start":{"line":10,"column":0},"end":{"line":10,"column":13}}},"fnMap":{"0":{"name":"(anonymous_7)","decl":{"start":{"line":11,"column":2},"end":{"line":11,"column":31}},"loc":{"start":{"line":11,"column":64},"end":{"line":11,"column":68}}},"1":{"name":"(anonymous_8)","decl":{"start":{"line":13,"column":8},"end":{"line":13,"column":15}},"loc":{"start":{"line":13,"column":39},"end":{"line":23,"column":null}}}},"branchMap":{"0":{"loc":{"start":{"line":18,"column":4},"end":{"line":20,"column":5}},"type":"if","locations":[{"start":{"line":18,"column":4},"end":{"line":20,"column":5}}]}},"s":{"0":1,"1":1,"2":2,"3":2,"4":2,"5":1,"6":1,"7":1},"f":{"0":1,"1":2},"b":{"0":[1]}}
,"/Users/lothbrok/Documents/Documents - MacBook Pro de Lakhdar/BootCode/systeme_de_vote/src/core/usecases/vote/GetVoteByUserId.ts": {"path":"/Users/lothbrok/Documents/Documents - MacBook Pro de Lakhdar/BootCode/systeme_de_vote/src/core/usecases/vote/GetVoteByUserId.ts","statementMap":{"0":{"start":{"line":2,"column":0},"end":{"line":2,"column":53}},"1":{"start":{"line":11,"column":31},"end":{"line":11,"column":64}},"2":{"start":{"line":14,"column":23},"end":{"line":14,"column":28}},"3":{"start":{"line":16,"column":17},"end":{"line":16,"column":63}},"4":{"start":{"line":18,"column":4},"end":{"line":20,"column":5}},"5":{"start":{"line":19,"column":6},"end":{"line":19,"column":42}},"6":{"start":{"line":22,"column":4},"end":{"line":22,"column":16}},"7":{"start":{"line":10,"column":0},"end":{"line":10,"column":13}}},"fnMap":{"0":{"name":"(anonymous_7)","decl":{"start":{"line":11,"column":2},"end":{"line":11,"column":31}},"loc":{"start":{"line":11,"column":64},"end":{"line":11,"column":68}}},"1":{"name":"(anonymous_8)","decl":{"start":{"line":13,"column":8},"end":{"line":13,"column":15}},"loc":{"start":{"line":13,"column":43},"end":{"line":23,"column":null}}}},"branchMap":{"0":{"loc":{"start":{"line":18,"column":4},"end":{"line":20,"column":5}},"type":"if","locations":[{"start":{"line":18,"column":4},"end":{"line":20,"column":5}}]}},"s":{"0":1,"1":1,"2":2,"3":2,"4":2,"5":1,"6":1,"7":1},"f":{"0":1,"1":2},"b":{"0":[1]}}
,"/Users/lothbrok/Documents/Documents - MacBook Pro de Lakhdar/BootCode/systeme_de_vote/src/core/valuesObject/passwordValidated.ts": {"path":"/Users/lothbrok/Documents/Documents - MacBook Pro de Lakhdar/BootCode/systeme_de_vote/src/core/valuesObject/passwordValidated.ts","statementMap":{"0":{"start":{"line":1,"column":0},"end":{"line":1,"column":50}},"1":{"start":{"line":3,"column":11},"end":{"line":3,"column":81}},"2":{"start":{"line":7,"column":4},"end":{"line":9,"column":5}},"3":{"start":{"line":8,"column":6},"end":{"line":8,"column":45}},"4":{"start":{"line":10,"column":4},"end":{"line":10,"column":20}},"5":{"start":{"line":5,"column":0},"end":{"line":5,"column":13}}},"fnMap":{"0":{"name":"(anonymous_0)","decl":{"start":{"line":6,"column":2},"end":{"line":6,"column":8}},"loc":{"start":{"line":6,"column":34},"end":{"line":11,"column":3}}}},"branchMap":{"0":{"loc":{"start":{"line":7,"column":4},"end":{"line":9,"column":5}},"type":"if","locations":[{"start":{"line":7,"column":4},"end":{"line":9,"column":5}}]}},"s":{"0":1,"1":1,"2":2,"3":1,"4":1,"5":1},"f":{"0":2},"b":{"0":[1]}}
}
