{"/Users/lothbrok/Documents/Documents - MacBook Pro de Lakhdar/BootCode/systeme_de_vote/src/adapters/_test_/tools/db.ts": {"path":"/Users/lothbrok/Documents/Documents - MacBook Pro de Lakhdar/BootCode/systeme_de_vote/src/adapters/_test_/tools/db.ts","statementMap":{"0":{"start":{"line":1,"column":0},"end":{"line":1,"column":24}},"1":{"start":{"line":3,"column":13},"end":{"line":13,"column":3}},"2":{"start":{"line":16,"column":0},"end":{"line":16,"column":32}}},"fnMap":{},"branchMap":{},"s":{"0":1,"1":1,"2":1},"f":{},"b":{}}
,"/Users/lothbrok/Documents/Documents - MacBook Pro de Lakhdar/BootCode/systeme_de_vote/src/adapters/repositories/SQL/SqlUserRepository.ts": {"path":"/Users/lothbrok/Documents/Documents - MacBook Pro de Lakhdar/BootCode/systeme_de_vote/src/adapters/repositories/SQL/SqlUserRepository.ts","statementMap":{"0":{"start":{"line":9,"column":21},"end":{"line":9,"column":32}},"1":{"start":{"line":10,"column":21},"end":{"line":10,"column":47}},"2":{"start":{"line":14,"column":22},"end":{"line":14,"column":55}},"3":{"start":{"line":15,"column":4},"end":{"line":26,"column":6}},"4":{"start":{"line":30,"column":22},"end":{"line":36,"column":null}},"5":{"start":{"line":39,"column":17},"end":{"line":39,"column":59}},"6":{"start":{"line":41,"column":4},"end":{"line":43,"column":5}},"7":{"start":{"line":42,"column":6},"end":{"line":42,"column":18}},"8":{"start":{"line":45,"column":4},"end":{"line":45,"column":16}},"9":{"start":{"line":49,"column":22},"end":{"line":55,"column":null}},"10":{"start":{"line":58,"column":17},"end":{"line":58,"column":53}},"11":{"start":{"line":60,"column":4},"end":{"line":62,"column":5}},"12":{"start":{"line":61,"column":6},"end":{"line":61,"column":18}},"13":{"start":{"line":64,"column":4},"end":{"line":64,"column":16}},"14":{"start":{"line":68,"column":4},"end":{"line":75,"column":6}},"15":{"start":{"line":77,"column":4},"end":{"line":77,"column":11}},"16":{"start":{"line":7,"column":0},"end":{"line":7,"column":13}}},"fnMap":{"0":{"name":"(anonymous_7)","decl":{"start":{"line":8,"column":2},"end":{"line":8,"column":null}},"loc":{"start":{"line":10,"column":47},"end":{"line":11,"column":6}}},"1":{"name":"(anonymous_8)","decl":{"start":{"line":13,"column":8},"end":{"line":13,"column":12}},"loc":{"start":{"line":13,"column":23},"end":{"line":27,"column":null}}},"2":{"name":"(anonymous_10)","decl":{"start":{"line":29,"column":8},"end":{"line":29,"column":15}},"loc":{"start":{"line":29,"column":26},"end":{"line":46,"column":null}}},"3":{"name":"(anonymous_12)","decl":{"start":{"line":48,"column":8},"end":{"line":48,"column":18}},"loc":{"start":{"line":48,"column":32},"end":{"line":65,"column":null}}},"4":{"name":"(anonymous_14)","decl":{"start":{"line":67,"column":8},"end":{"line":67,"column":14}},"loc":{"start":{"line":67,"column":25},"end":{"line":78,"column":null}}}},"branchMap":{"0":{"loc":{"start":{"line":41,"column":4},"end":{"line":43,"column":5}},"type":"if","locations":[{"start":{"line":41,"column":4},"end":{"line":43,"column":5}}]},"1":{"loc":{"start":{"line":60,"column":4},"end":{"line":62,"column":5}},"type":"if","locations":[{"start":{"line":60,"column":4},"end":{"line":62,"column":5}}]}},"s":{"0":1,"1":1,"2":1,"3":1,"4":1,"5":1,"6":0,"7":0,"8":0,"9":0,"10":0,"11":0,"12":0,"13":0,"14":0,"15":0,"16":1},"f":{"0":1,"1":1,"2":1,"3":0,"4":0},"b":{"0":[0],"1":[0]}}
,"/Users/lothbrok/Documents/Documents - MacBook Pro de Lakhdar/BootCode/systeme_de_vote/src/adapters/repositories/mappers/SqlUserMapper.ts": {"path":"/Users/lothbrok/Documents/Documents - MacBook Pro de Lakhdar/BootCode/systeme_de_vote/src/adapters/repositories/mappers/SqlUserMapper.ts","statementMap":{"0":{"start":{"line":1,"column":0},"end":{"line":1,"column":51}},"1":{"start":{"line":7,"column":17},"end":{"line":14,"column":6}},"2":{"start":{"line":15,"column":4},"end":{"line":15,"column":16}},"3":{"start":{"line":19,"column":33},"end":{"line":26,"column":6}},"4":{"start":{"line":27,"column":4},"end":{"line":27,"column":21}},"5":{"start":{"line":5,"column":0},"end":{"line":5,"column":13}}},"fnMap":{"0":{"name":"(anonymous_0)","decl":{"start":{"line":6,"column":2},"end":{"line":6,"column":10}},"loc":{"start":{"line":6,"column":25},"end":{"line":16,"column":3}}},"1":{"name":"(anonymous_1)","decl":{"start":{"line":18,"column":2},"end":{"line":18,"column":12}},"loc":{"start":{"line":18,"column":23},"end":{"line":28,"column":3}}}},"branchMap":{},"s":{"0":1,"1":1,"2":0,"3":1,"4":1,"5":1},"f":{"0":1,"1":1},"b":{}}
,"/Users/lothbrok/Documents/Documents - MacBook Pro de Lakhdar/BootCode/systeme_de_vote/src/core/entities/Topic.ts": {"path":"/Users/lothbrok/Documents/Documents - MacBook Pro de Lakhdar/BootCode/systeme_de_vote/src/core/entities/Topic.ts","statementMap":{"0":{"start":{"line":1,"column":0},"end":{"line":1,"column":26}},"1":{"start":{"line":17,"column":4},"end":{"line":17,"column":33}},"2":{"start":{"line":21,"column":18},"end":{"line":28,"column":6}},"3":{"start":{"line":29,"column":4},"end":{"line":29,"column":17}},"4":{"start":{"line":13,"column":0},"end":{"line":13,"column":13}}},"fnMap":{"0":{"name":"(anonymous_0)","decl":{"start":{"line":16,"column":2},"end":{"line":16,"column":14}},"loc":{"start":{"line":16,"column":46},"end":{"line":18,"column":3}}},"1":{"name":"(anonymous_1)","decl":{"start":{"line":20,"column":2},"end":{"line":20,"column":8}},"loc":{"start":{"line":20,"column":74},"end":{"line":30,"column":3}}}},"branchMap":{},"s":{"0":1,"1":0,"2":0,"3":0,"4":1},"f":{"0":0,"1":0},"b":{}}
,"/Users/lothbrok/Documents/Documents - MacBook Pro de Lakhdar/BootCode/systeme_de_vote/src/core/entities/User.ts": {"path":"/Users/lothbrok/Documents/Documents - MacBook Pro de Lakhdar/BootCode/systeme_de_vote/src/core/entities/User.ts","statementMap":{"0":{"start":{"line":1,"column":0},"end":{"line":1,"column":26}},"1":{"start":{"line":16,"column":4},"end":{"line":16,"column":32}},"2":{"start":{"line":20,"column":17},"end":{"line":27,"column":6}},"3":{"start":{"line":28,"column":4},"end":{"line":28,"column":16}},"4":{"start":{"line":32,"column":4},"end":{"line":32,"column":null}},"5":{"start":{"line":33,"column":4},"end":{"line":33,"column":16}},"6":{"start":{"line":12,"column":0},"end":{"line":12,"column":13}}},"fnMap":{"0":{"name":"(anonymous_0)","decl":{"start":{"line":15,"column":2},"end":{"line":15,"column":14}},"loc":{"start":{"line":15,"column":44},"end":{"line":17,"column":3}}},"1":{"name":"(anonymous_1)","decl":{"start":{"line":19,"column":2},"end":{"line":19,"column":8}},"loc":{"start":{"line":19,"column":74},"end":{"line":29,"column":3}}},"2":{"name":"(anonymous_2)","decl":{"start":{"line":31,"column":2},"end":{"line":31,"column":8}},"loc":{"start":{"line":31,"column":28},"end":{"line":34,"column":3}}}},"branchMap":{},"s":{"0":1,"1":1,"2":0,"3":0,"4":0,"5":0,"6":1},"f":{"0":1,"1":0,"2":0},"b":{}}
,"/Users/lothbrok/Documents/Documents - MacBook Pro de Lakhdar/BootCode/systeme_de_vote/src/core/entities/Vote.ts": {"path":"/Users/lothbrok/Documents/Documents - MacBook Pro de Lakhdar/BootCode/systeme_de_vote/src/core/entities/Vote.ts","statementMap":{"0":{"start":{"line":1,"column":0},"end":{"line":1,"column":26}},"1":{"start":{"line":15,"column":4},"end":{"line":15,"column":32}},"2":{"start":{"line":19,"column":17},"end":{"line":25,"column":6}},"3":{"start":{"line":26,"column":4},"end":{"line":26,"column":16}},"4":{"start":{"line":11,"column":0},"end":{"line":11,"column":13}}},"fnMap":{"0":{"name":"(anonymous_0)","decl":{"start":{"line":14,"column":2},"end":{"line":14,"column":14}},"loc":{"start":{"line":14,"column":44},"end":{"line":16,"column":3}}},"1":{"name":"(anonymous_1)","decl":{"start":{"line":18,"column":2},"end":{"line":18,"column":8}},"loc":{"start":{"line":18,"column":73},"end":{"line":27,"column":3}}}},"branchMap":{},"s":{"0":1,"1":0,"2":0,"3":0,"4":1},"f":{"0":0,"1":0},"b":{}}
,"/Users/lothbrok/Documents/Documents - MacBook Pro de Lakhdar/BootCode/systeme_de_vote/src/core/tools/dataBuilders.ts": {"path":"/Users/lothbrok/Documents/Documents - MacBook Pro de Lakhdar/BootCode/systeme_de_vote/src/core/tools/dataBuilders.ts","statementMap":{"0":{"start":{"line":1,"column":0},"end":{"line":1,"column":26}},"1":{"start":{"line":2,"column":0},"end":{"line":2,"column":40}},"2":{"start":{"line":3,"column":0},"end":{"line":3,"column":40}},"3":{"start":{"line":4,"column":0},"end":{"line":4,"column":44}},"4":{"start":{"line":5,"column":0},"end":{"line":5,"column":42}},"5":{"start":{"line":35,"column":4},"end":{"line":42,"column":7}},"6":{"start":{"line":46,"column":4},"end":{"line":52,"column":7}},"7":{"start":{"line":56,"column":4},"end":{"line":63,"column":7}},"8":{"start":{"line":33,"column":0},"end":{"line":33,"column":13}}},"fnMap":{"0":{"name":"(anonymous_0)","decl":{"start":{"line":34,"column":2},"end":{"line":34,"column":8}},"loc":{"start":{"line":34,"column":42},"end":{"line":43,"column":3}}},"1":{"name":"(anonymous_1)","decl":{"start":{"line":45,"column":2},"end":{"line":45,"column":8}},"loc":{"start":{"line":45,"column":42},"end":{"line":53,"column":3}}},"2":{"name":"(anonymous_2)","decl":{"start":{"line":55,"column":2},"end":{"line":55,"column":8}},"loc":{"start":{"line":55,"column":44},"end":{"line":64,"column":3}}}},"branchMap":{"0":{"loc":{"start":{"line":36,"column":10},"end":{"line":36,"column":37}},"type":"cond-expr","locations":[{"start":{"line":36,"column":22},"end":{"line":36,"column":30}},{"start":{"line":36,"column":33},"end":{"line":36,"column":37}}]},"1":{"loc":{"start":{"line":36,"column":10},"end":{"line":36,"column":19}},"type":"cond-expr","locations":[{"start":{"line":36,"column":15},"end":{"line":36,"column":17}},{"start":{"line":36,"column":10},"end":{"line":36,"column":19}}]},"2":{"loc":{"start":{"line":36,"column":10},"end":{"line":36,"column":17}},"type":"binary-expr","locations":[{"start":{"line":36,"column":10},"end":{"line":36,"column":17}},{"start":{"line":36,"column":10},"end":{"line":36,"column":17}}]},"3":{"loc":{"start":{"line":37,"column":16},"end":{"line":37,"column":76}},"type":"cond-expr","locations":[{"start":{"line":37,"column":34},"end":{"line":37,"column":48}},{"start":{"line":37,"column":51},"end":{"line":37,"column":76}}]},"4":{"loc":{"start":{"line":37,"column":16},"end":{"line":37,"column":31}},"type":"cond-expr","locations":[{"start":{"line":37,"column":21},"end":{"line":37,"column":23}},{"start":{"line":37,"column":16},"end":{"line":37,"column":31}}]},"5":{"loc":{"start":{"line":37,"column":16},"end":{"line":37,"column":23}},"type":"binary-expr","locations":[{"start":{"line":37,"column":16},"end":{"line":37,"column":23}},{"start":{"line":37,"column":16},"end":{"line":37,"column":23}}]},"6":{"loc":{"start":{"line":38,"column":13},"end":{"line":38,"column":64}},"type":"cond-expr","locations":[{"start":{"line":38,"column":28},"end":{"line":38,"column":39}},{"start":{"line":38,"column":42},"end":{"line":38,"column":64}}]},"7":{"loc":{"start":{"line":38,"column":13},"end":{"line":38,"column":25}},"type":"cond-expr","locations":[{"start":{"line":38,"column":18},"end":{"line":38,"column":20}},{"start":{"line":38,"column":13},"end":{"line":38,"column":25}}]},"8":{"loc":{"start":{"line":38,"column":13},"end":{"line":38,"column":20}},"type":"binary-expr","locations":[{"start":{"line":38,"column":13},"end":{"line":38,"column":20}},{"start":{"line":38,"column":13},"end":{"line":38,"column":20}}]},"9":{"loc":{"start":{"line":39,"column":16},"end":{"line":39,"column":64}},"type":"cond-expr","locations":[{"start":{"line":39,"column":34},"end":{"line":39,"column":48}},{"start":{"line":39,"column":51},"end":{"line":39,"column":64}}]},"10":{"loc":{"start":{"line":39,"column":16},"end":{"line":39,"column":31}},"type":"cond-expr","locations":[{"start":{"line":39,"column":21},"end":{"line":39,"column":23}},{"start":{"line":39,"column":16},"end":{"line":39,"column":31}}]},"11":{"loc":{"start":{"line":39,"column":16},"end":{"line":39,"column":23}},"type":"binary-expr","locations":[{"start":{"line":39,"column":16},"end":{"line":39,"column":23}},{"start":{"line":39,"column":16},"end":{"line":39,"column":23}}]},"12":{"loc":{"start":{"line":40,"column":17},"end":{"line":40,"column":77}},"type":"cond-expr","locations":[{"start":{"line":40,"column":36},"end":{"line":40,"column":51}},{"start":{"line":40,"column":54},"end":{"line":40,"column":77}}]},"13":{"loc":{"start":{"line":40,"column":17},"end":{"line":40,"column":33}},"type":"cond-expr","locations":[{"start":{"line":40,"column":22},"end":{"line":40,"column":24}},{"start":{"line":40,"column":17},"end":{"line":40,"column":33}}]},"14":{"loc":{"start":{"line":40,"column":17},"end":{"line":40,"column":24}},"type":"binary-expr","locations":[{"start":{"line":40,"column":17},"end":{"line":40,"column":24}},{"start":{"line":40,"column":17},"end":{"line":40,"column":24}}]},"15":{"loc":{"start":{"line":41,"column":17},"end":{"line":41,"column":77}},"type":"cond-expr","locations":[{"start":{"line":41,"column":36},"end":{"line":41,"column":51}},{"start":{"line":41,"column":54},"end":{"line":41,"column":77}}]},"16":{"loc":{"start":{"line":41,"column":17},"end":{"line":41,"column":33}},"type":"cond-expr","locations":[{"start":{"line":41,"column":22},"end":{"line":41,"column":24}},{"start":{"line":41,"column":17},"end":{"line":41,"column":33}}]},"17":{"loc":{"start":{"line":41,"column":17},"end":{"line":41,"column":24}},"type":"binary-expr","locations":[{"start":{"line":41,"column":17},"end":{"line":41,"column":24}},{"start":{"line":41,"column":17},"end":{"line":41,"column":24}}]},"18":{"loc":{"start":{"line":47,"column":10},"end":{"line":47,"column":37}},"type":"cond-expr","locations":[{"start":{"line":47,"column":22},"end":{"line":47,"column":30}},{"start":{"line":47,"column":33},"end":{"line":47,"column":37}}]},"19":{"loc":{"start":{"line":47,"column":10},"end":{"line":47,"column":19}},"type":"cond-expr","locations":[{"start":{"line":47,"column":15},"end":{"line":47,"column":17}},{"start":{"line":47,"column":10},"end":{"line":47,"column":19}}]},"20":{"loc":{"start":{"line":47,"column":10},"end":{"line":47,"column":17}},"type":"binary-expr","locations":[{"start":{"line":47,"column":10},"end":{"line":47,"column":17}},{"start":{"line":47,"column":10},"end":{"line":47,"column":17}}]},"21":{"loc":{"start":{"line":48,"column":14},"end":{"line":48,"column":49}},"type":"cond-expr","locations":[{"start":{"line":48,"column":30},"end":{"line":48,"column":42}},{"start":{"line":48,"column":45},"end":{"line":48,"column":49}}]},"22":{"loc":{"start":{"line":48,"column":14},"end":{"line":48,"column":27}},"type":"cond-expr","locations":[{"start":{"line":48,"column":19},"end":{"line":48,"column":21}},{"start":{"line":48,"column":14},"end":{"line":48,"column":27}}]},"23":{"loc":{"start":{"line":48,"column":14},"end":{"line":48,"column":21}},"type":"binary-expr","locations":[{"start":{"line":48,"column":14},"end":{"line":48,"column":21}},{"start":{"line":48,"column":14},"end":{"line":48,"column":21}}]},"24":{"loc":{"start":{"line":49,"column":15},"end":{"line":49,"column":52}},"type":"cond-expr","locations":[{"start":{"line":49,"column":32},"end":{"line":49,"column":45}},{"start":{"line":49,"column":48},"end":{"line":49,"column":52}}]},"25":{"loc":{"start":{"line":49,"column":15},"end":{"line":49,"column":29}},"type":"cond-expr","locations":[{"start":{"line":49,"column":20},"end":{"line":49,"column":22}},{"start":{"line":49,"column":15},"end":{"line":49,"column":29}}]},"26":{"loc":{"start":{"line":49,"column":15},"end":{"line":49,"column":22}},"type":"binary-expr","locations":[{"start":{"line":49,"column":15},"end":{"line":49,"column":22}},{"start":{"line":49,"column":15},"end":{"line":49,"column":22}}]},"27":{"loc":{"start":{"line":50,"column":14},"end":{"line":50,"column":58}},"type":"cond-expr","locations":[{"start":{"line":50,"column":30},"end":{"line":50,"column":42}},{"start":{"line":50,"column":45},"end":{"line":50,"column":58}}]},"28":{"loc":{"start":{"line":50,"column":14},"end":{"line":50,"column":27}},"type":"cond-expr","locations":[{"start":{"line":50,"column":19},"end":{"line":50,"column":21}},{"start":{"line":50,"column":14},"end":{"line":50,"column":27}}]},"29":{"loc":{"start":{"line":50,"column":14},"end":{"line":50,"column":21}},"type":"binary-expr","locations":[{"start":{"line":50,"column":14},"end":{"line":50,"column":21}},{"start":{"line":50,"column":14},"end":{"line":50,"column":21}}]},"30":{"loc":{"start":{"line":50,"column":45},"end":{"line":50,"column":58}},"type":"binary-expr","locations":[{"start":{"line":50,"column":45},"end":{"line":50,"column":49}},{"start":{"line":50,"column":53},"end":{"line":50,"column":58}}]},"31":{"loc":{"start":{"line":51,"column":17},"end":{"line":51,"column":77}},"type":"cond-expr","locations":[{"start":{"line":51,"column":36},"end":{"line":51,"column":51}},{"start":{"line":51,"column":54},"end":{"line":51,"column":77}}]},"32":{"loc":{"start":{"line":51,"column":17},"end":{"line":51,"column":33}},"type":"cond-expr","locations":[{"start":{"line":51,"column":22},"end":{"line":51,"column":24}},{"start":{"line":51,"column":17},"end":{"line":51,"column":33}}]},"33":{"loc":{"start":{"line":51,"column":17},"end":{"line":51,"column":24}},"type":"binary-expr","locations":[{"start":{"line":51,"column":17},"end":{"line":51,"column":24}},{"start":{"line":51,"column":17},"end":{"line":51,"column":24}}]},"34":{"loc":{"start":{"line":57,"column":10},"end":{"line":57,"column":37}},"type":"cond-expr","locations":[{"start":{"line":57,"column":22},"end":{"line":57,"column":30}},{"start":{"line":57,"column":33},"end":{"line":57,"column":37}}]},"35":{"loc":{"start":{"line":57,"column":10},"end":{"line":57,"column":19}},"type":"cond-expr","locations":[{"start":{"line":57,"column":15},"end":{"line":57,"column":17}},{"start":{"line":57,"column":10},"end":{"line":57,"column":19}}]},"36":{"loc":{"start":{"line":57,"column":10},"end":{"line":57,"column":17}},"type":"binary-expr","locations":[{"start":{"line":57,"column":10},"end":{"line":57,"column":17}},{"start":{"line":57,"column":10},"end":{"line":57,"column":17}}]},"37":{"loc":{"start":{"line":58,"column":13},"end":{"line":58,"column":49}},"type":"cond-expr","locations":[{"start":{"line":58,"column":28},"end":{"line":58,"column":39}},{"start":{"line":58,"column":42},"end":{"line":58,"column":49}}]},"38":{"loc":{"start":{"line":58,"column":13},"end":{"line":58,"column":25}},"type":"cond-expr","locations":[{"start":{"line":58,"column":18},"end":{"line":58,"column":20}},{"start":{"line":58,"column":13},"end":{"line":58,"column":25}}]},"39":{"loc":{"start":{"line":58,"column":13},"end":{"line":58,"column":20}},"type":"binary-expr","locations":[{"start":{"line":58,"column":13},"end":{"line":58,"column":20}},{"start":{"line":58,"column":13},"end":{"line":58,"column":20}}]},"40":{"loc":{"start":{"line":59,"column":19},"end":{"line":59,"column":73}},"type":"cond-expr","locations":[{"start":{"line":59,"column":40},"end":{"line":59,"column":57}},{"start":{"line":59,"column":60},"end":{"line":59,"column":73}}]},"41":{"loc":{"start":{"line":59,"column":19},"end":{"line":59,"column":37}},"type":"cond-expr","locations":[{"start":{"line":59,"column":24},"end":{"line":59,"column":26}},{"start":{"line":59,"column":19},"end":{"line":59,"column":37}}]},"42":{"loc":{"start":{"line":59,"column":19},"end":{"line":59,"column":26}},"type":"binary-expr","locations":[{"start":{"line":59,"column":19},"end":{"line":59,"column":26}},{"start":{"line":59,"column":19},"end":{"line":59,"column":26}}]},"43":{"loc":{"start":{"line":60,"column":13},"end":{"line":60,"column":71}},"type":"cond-expr","locations":[{"start":{"line":60,"column":28},"end":{"line":60,"column":39}},{"start":{"line":60,"column":42},"end":{"line":60,"column":71}}]},"44":{"loc":{"start":{"line":60,"column":13},"end":{"line":60,"column":25}},"type":"cond-expr","locations":[{"start":{"line":60,"column":18},"end":{"line":60,"column":20}},{"start":{"line":60,"column":13},"end":{"line":60,"column":25}}]},"45":{"loc":{"start":{"line":60,"column":13},"end":{"line":60,"column":20}},"type":"binary-expr","locations":[{"start":{"line":60,"column":13},"end":{"line":60,"column":20}},{"start":{"line":60,"column":13},"end":{"line":60,"column":20}}]},"46":{"loc":{"start":{"line":61,"column":17},"end":{"line":61,"column":77}},"type":"cond-expr","locations":[{"start":{"line":61,"column":36},"end":{"line":61,"column":51}},{"start":{"line":61,"column":54},"end":{"line":61,"column":77}}]},"47":{"loc":{"start":{"line":61,"column":17},"end":{"line":61,"column":33}},"type":"cond-expr","locations":[{"start":{"line":61,"column":22},"end":{"line":61,"column":24}},{"start":{"line":61,"column":17},"end":{"line":61,"column":33}}]},"48":{"loc":{"start":{"line":61,"column":17},"end":{"line":61,"column":24}},"type":"binary-expr","locations":[{"start":{"line":61,"column":17},"end":{"line":61,"column":24}},{"start":{"line":61,"column":17},"end":{"line":61,"column":24}}]},"49":{"loc":{"start":{"line":62,"column":17},"end":{"line":62,"column":77}},"type":"cond-expr","locations":[{"start":{"line":62,"column":36},"end":{"line":62,"column":51}},{"start":{"line":62,"column":54},"end":{"line":62,"column":77}}]},"50":{"loc":{"start":{"line":62,"column":17},"end":{"line":62,"column":33}},"type":"cond-expr","locations":[{"start":{"line":62,"column":22},"end":{"line":62,"column":24}},{"start":{"line":62,"column":17},"end":{"line":62,"column":33}}]},"51":{"loc":{"start":{"line":62,"column":17},"end":{"line":62,"column":24}},"type":"binary-expr","locations":[{"start":{"line":62,"column":17},"end":{"line":62,"column":24}},{"start":{"line":62,"column":17},"end":{"line":62,"column":24}}]}},"s":{"0":1,"1":1,"2":1,"3":1,"4":1,"5":1,"6":0,"7":0,"8":1},"f":{"0":1,"1":0,"2":0},"b":{"0":[1,0],"1":[0,1],"2":[1,1],"3":[0,1],"4":[0,1],"5":[1,1],"6":[0,1],"7":[0,1],"8":[1,1],"9":[0,1],"10":[0,1],"11":[1,1],"12":[0,1],"13":[0,1],"14":[1,1],"15":[0,1],"16":[0,1],"17":[1,1],"18":[0,0],"19":[0,0],"20":[0,0],"21":[0,0],"22":[0,0],"23":[0,0],"24":[0,0],"25":[0,0],"26":[0,0],"27":[0,0],"28":[0,0],"29":[0,0],"30":[0,0],"31":[0,0],"32":[0,0],"33":[0,0],"34":[0,0],"35":[0,0],"36":[0,0],"37":[0,0],"38":[0,0],"39":[0,0],"40":[0,0],"41":[0,0],"42":[0,0],"43":[0,0],"44":[0,0],"45":[0,0],"46":[0,0],"47":[0,0],"48":[0,0],"49":[0,0],"50":[0,0],"51":[0,0]}}
}
